2019-05-03 13: 24: 18 > train term 1:2000-01-03~2015-12-31
2019-05-03 13: 24: 18 > train term 2:2000-01-03~2017-12-31
2019-05-03 13: 24: 18 > 2019 05 03 13 24 18
2019-05-03 13: 24: 18 > ======================no-ensemble train-predict start ===========================
2019-05-03 13: 24: 18 > Using config: {'_model_dir': 'model_dir/20norm_1days_high/kospi200f_1_1_20_basic_500_20_2layers47', '_tf_random_seed': None, '_save_summary_steps': 100, '_save_checkpoints_steps': None, '_save_checkpoints_secs': 1200, '_session_config': allow_soft_placement: true
graph_options {
  rewrite_options {
    meta_optimizer_iterations: ONE
  }
}
, '_keep_checkpoint_max': 1, '_keep_checkpoint_every_n_hours': 10000, '_log_step_count_steps': 100, '_train_distribute': None, '_device_fn': None, '_protocol': None, '_eval_distribute': None, '_experimental_distribute': None, '_service': None, '_cluster_spec': <tensorflow.python.training.server_lib.ClusterSpec object at 0x000001CB3C064978>, '_task_type': 'worker', '_task_id': 0, '_global_id_in_cluster': 0, '_master': '', '_evaluation_master': '', '_is_chief': True, '_num_ps_replicas': 0, '_num_worker_replicas': 1}
2019-05-03 13: 24: 27 > From C:\Anaconda3\envs\tensorflow1.13\lib\site-packages\tensorflow\python\framework\op_def_library.py:263: colocate_with (from tensorflow.python.framework.ops) is deprecated and will be removed in a future version.
Instructions for updating:
Colocations handled automatically by placer.
2019-05-03 13: 24: 27 > From C:\Anaconda3\envs\tensorflow1.13\lib\site-packages\tensorflow_estimator\python\estimator\inputs\queues\feeding_queue_runner.py:62: QueueRunner.__init__ (from tensorflow.python.training.queue_runner_impl) is deprecated and will be removed in a future version.
Instructions for updating:
To construct input pipelines, use the `tf.data` module.
2019-05-03 13: 24: 27 > From C:\Anaconda3\envs\tensorflow1.13\lib\site-packages\tensorflow_estimator\python\estimator\inputs\queues\feeding_functions.py:500: add_queue_runner (from tensorflow.python.training.queue_runner_impl) is deprecated and will be removed in a future version.
Instructions for updating:
To construct input pipelines, use the `tf.data` module.
2019-05-03 13: 24: 27 > Calling model_fn.
2019-05-03 13: 24: 29 > From C:/Users/Admin/Desktop/DeepMoney_v2.1.1\model.py:143: MultiRNNCell.__init__ (from tensorflow.python.ops.rnn_cell_impl) is deprecated and will be removed in a future version.
Instructions for updating:
This class is equivalent as tf.keras.layers.StackedRNNCells, and will be replaced by that in Tensorflow 2.0.
2019-05-03 13: 24: 29 > From C:/Users/Admin/Desktop/DeepMoney_v2.1.1\model.py:209: dense (from tensorflow.python.layers.core) is deprecated and will be removed in a future version.
Instructions for updating:
Use keras.layers.dense instead.
2019-05-03 13: 24: 29 > From C:\Anaconda3\envs\tensorflow1.13\lib\site-packages\tensorflow\python\ops\losses\losses_impl.py:667: to_float (from tensorflow.python.ops.math_ops) is deprecated and will be removed in a future version.
Instructions for updating:
Use tf.cast instead.
2019-05-03 13: 24: 36 > Done calling model_fn.
2019-05-03 13: 24: 36 > Create CheckpointSaverHook.
2019-05-03 13: 24: 37 > Graph was finalized.
2019-05-03 13: 24: 38 > Running local_init_op.
2019-05-03 13: 24: 38 > Done running local_init_op.
2019-05-03 13: 24: 38 > From C:\Anaconda3\envs\tensorflow1.13\lib\site-packages\tensorflow\python\training\monitored_session.py:809: start_queue_runners (from tensorflow.python.training.queue_runner_impl) is deprecated and will be removed in a future version.
Instructions for updating:
To construct input pipelines, use the `tf.data` module.
2019-05-03 13: 24: 44 > Saving checkpoints for 0 into model_dir/20norm_1days_high/kospi200f_1_1_20_basic_500_20_2layers47\model.ckpt.
2019-05-03 13: 24: 48 > loss = 3.0389404, step = 1
2019-05-03 13: 25: 42 > global_step/sec: 1.84391
2019-05-03 13: 25: 42 > loss = 0.61190104, step = 101 (54.248 sec)
2019-05-03 13: 26: 35 > global_step/sec: 1.90938
2019-05-03 13: 26: 35 > loss = 0.43914014, step = 201 (52.342 sec)
2019-05-03 13: 27: 27 > global_step/sec: 1.90087
2019-05-03 13: 27: 27 > loss = 0.086065255, step = 301 (52.639 sec)
2019-05-03 13: 28: 23 > global_step/sec: 1.78907
2019-05-03 13: 28: 23 > loss = 0.5110858, step = 401 (55.879 sec)
2019-05-03 13: 29: 15 > Saving checkpoints for 500 into model_dir/20norm_1days_high/kospi200f_1_1_20_basic_500_20_2layers47\model.ckpt.
2019-05-03 13: 29: 16 > From C:\Anaconda3\envs\tensorflow1.13\lib\site-packages\tensorflow\python\training\saver.py:966: remove_checkpoint (from tensorflow.python.training.checkpoint_management) is deprecated and will be removed in a future version.
Instructions for updating:
Use standard file APIs to delete files with this prefix.
2019-05-03 13: 29: 17 > Loss for final step: 0.0421246.
2019-05-03 13: 29: 17 > Calling model_fn.
2019-05-03 13: 29: 18 > Done calling model_fn.
2019-05-03 13: 29: 18 > Starting evaluation at 2019-05-03T04:29:18Z
2019-05-03 13: 29: 18 > Graph was finalized.
2019-05-03 13: 29: 18 > From C:\Anaconda3\envs\tensorflow1.13\lib\site-packages\tensorflow\python\training\saver.py:1266: checkpoint_exists (from tensorflow.python.training.checkpoint_management) is deprecated and will be removed in a future version.
Instructions for updating:
Use standard file APIs to check for files with this prefix.
2019-05-03 13: 29: 18 > Restoring parameters from model_dir/20norm_1days_high/kospi200f_1_1_20_basic_500_20_2layers47\model.ckpt-500
2019-05-03 13: 29: 18 > Running local_init_op.
2019-05-03 13: 29: 18 > Done running local_init_op.
2019-05-03 13: 29: 20 > Finished evaluation at 2019-05-03-04:29:20
2019-05-03 13: 29: 20 > Saving dict for global step 500: accuracy = 0.6, global_step = 500, loss = 1.3697193, rmse = 1.1703501
2019-05-03 13: 29: 20 > Saving 'checkpoint_path' summary for global step 500: model_dir/20norm_1days_high/kospi200f_1_1_20_basic_500_20_2layers47\model.ckpt-500
2019-05-03 13: 29: 27 > Calling model_fn.
2019-05-03 13: 29: 27 > Done calling model_fn.
2019-05-03 13: 29: 27 > Graph was finalized.
2019-05-03 13: 29: 27 > Restoring parameters from model_dir/20norm_1days_high/kospi200f_1_1_20_basic_500_20_2layers47\model.ckpt-500
2019-05-03 13: 29: 28 > Running local_init_op.
2019-05-03 13: 29: 28 > Done running local_init_op.
2019-05-03 13: 29: 33 > Calling model_fn.
2019-05-03 13: 29: 40 > Done calling model_fn.
2019-05-03 13: 29: 40 > Create CheckpointSaverHook.
2019-05-03 13: 29: 40 > Graph was finalized.
2019-05-03 13: 29: 40 > Restoring parameters from model_dir/20norm_1days_high/kospi200f_1_1_20_basic_500_20_2layers47\model.ckpt-500
2019-05-03 13: 29: 40 > From C:\Anaconda3\envs\tensorflow1.13\lib\site-packages\tensorflow\python\training\saver.py:1070: get_checkpoint_mtimes (from tensorflow.python.training.checkpoint_management) is deprecated and will be removed in a future version.
Instructions for updating:
Use standard file utilities to get mtimes.
2019-05-03 13: 29: 40 > Running local_init_op.
2019-05-03 13: 29: 41 > Done running local_init_op.
2019-05-03 13: 29: 47 > Saving checkpoints for 500 into model_dir/20norm_1days_high/kospi200f_1_1_20_basic_500_20_2layers47\model.ckpt.
2019-05-03 13: 29: 51 > loss = 0.054244906, step = 501
2019-05-03 13: 30: 44 > global_step/sec: 1.88464
2019-05-03 13: 30: 44 > loss = 0.009740424, step = 601 (53.061 sec)
2019-05-03 13: 31: 36 > global_step/sec: 1.93302
2019-05-03 13: 31: 36 > loss = 0.004239858, step = 701 (51.733 sec)
2019-05-03 13: 32: 27 > global_step/sec: 1.92778
2019-05-03 13: 32: 27 > loss = 0.020841822, step = 801 (51.904 sec)
2019-05-03 13: 33: 21 > global_step/sec: 1.84817
2019-05-03 13: 33: 21 > loss = 0.0019280693, step = 901 (54.076 sec)
2019-05-03 13: 34: 15 > Saving checkpoints for 1000 into model_dir/20norm_1days_high/kospi200f_1_1_20_basic_500_20_2layers47\model.ckpt.
2019-05-03 13: 34: 17 > Loss for final step: 0.0029357935.
2019-05-03 13: 34: 17 > Calling model_fn.
2019-05-03 13: 34: 18 > Done calling model_fn.
2019-05-03 13: 34: 18 > Starting evaluation at 2019-05-03T04:34:18Z
2019-05-03 13: 34: 18 > Graph was finalized.
2019-05-03 13: 34: 18 > Restoring parameters from model_dir/20norm_1days_high/kospi200f_1_1_20_basic_500_20_2layers47\model.ckpt-1000
2019-05-03 13: 34: 18 > Running local_init_op.
2019-05-03 13: 34: 18 > Done running local_init_op.
2019-05-03 13: 34: 19 > Finished evaluation at 2019-05-03-04:34:19
2019-05-03 13: 34: 19 > Saving dict for global step 1000: accuracy = 0.70789474, global_step = 1000, loss = 8.627672, rmse = 2.9372902
2019-05-03 13: 34: 19 > Saving 'checkpoint_path' summary for global step 1000: model_dir/20norm_1days_high/kospi200f_1_1_20_basic_500_20_2layers47\model.ckpt-1000
2019-05-03 13: 34: 25 > Calling model_fn.
2019-05-03 13: 34: 25 > Done calling model_fn.
2019-05-03 13: 34: 25 > Graph was finalized.
2019-05-03 13: 34: 25 > Restoring parameters from model_dir/20norm_1days_high/kospi200f_1_1_20_basic_500_20_2layers47\model.ckpt-1000
2019-05-03 13: 34: 25 > Running local_init_op.
2019-05-03 13: 34: 25 > Done running local_init_op.
2019-05-03 13: 34: 30 > Calling model_fn.
2019-05-03 13: 34: 37 > Done calling model_fn.
2019-05-03 13: 34: 37 > Create CheckpointSaverHook.
2019-05-03 13: 34: 38 > Graph was finalized.
2019-05-03 13: 34: 38 > Restoring parameters from model_dir/20norm_1days_high/kospi200f_1_1_20_basic_500_20_2layers47\model.ckpt-1000
2019-05-03 13: 34: 38 > Running local_init_op.
2019-05-03 13: 34: 38 > Done running local_init_op.
2019-05-03 13: 34: 45 > Saving checkpoints for 1000 into model_dir/20norm_1days_high/kospi200f_1_1_20_basic_500_20_2layers47\model.ckpt.
2019-05-03 13: 34: 48 > loss = 0.21974434, step = 1001
2019-05-03 13: 35: 44 > global_step/sec: 1.78827
2019-05-03 13: 35: 44 > loss = 0.005068749, step = 1101 (55.920 sec)
2019-05-03 13: 36: 36 > global_step/sec: 1.92084
2019-05-03 13: 36: 36 > loss = 0.002430454, step = 1201 (52.061 sec)
2019-05-03 13: 37: 28 > global_step/sec: 1.92662
2019-05-03 13: 37: 28 > loss = 0.006863553, step = 1301 (51.936 sec)
2019-05-03 13: 38: 25 > global_step/sec: 1.75445
2019-05-03 13: 38: 25 > loss = 0.0026293343, step = 1401 (56.967 sec)
2019-05-03 13: 39: 19 > Saving checkpoints for 1500 into model_dir/20norm_1days_high/kospi200f_1_1_20_basic_500_20_2layers47\model.ckpt.
2019-05-03 13: 39: 21 > Loss for final step: 0.0051757586.
2019-05-03 13: 39: 21 > Calling model_fn.
2019-05-03 13: 39: 22 > Done calling model_fn.
2019-05-03 13: 39: 22 > Starting evaluation at 2019-05-03T04:39:22Z
2019-05-03 13: 39: 22 > Graph was finalized.
2019-05-03 13: 39: 22 > Restoring parameters from model_dir/20norm_1days_high/kospi200f_1_1_20_basic_500_20_2layers47\model.ckpt-1500
2019-05-03 13: 39: 22 > Running local_init_op.
2019-05-03 13: 39: 22 > Done running local_init_op.
2019-05-03 13: 39: 23 > Finished evaluation at 2019-05-03-04:39:23
2019-05-03 13: 39: 23 > Saving dict for global step 1500: accuracy = 0.7522727, global_step = 1500, loss = 5.062268, rmse = 2.2499483
2019-05-03 13: 39: 23 > Saving 'checkpoint_path' summary for global step 1500: model_dir/20norm_1days_high/kospi200f_1_1_20_basic_500_20_2layers47\model.ckpt-1500
2019-05-03 13: 39: 30 > Calling model_fn.
2019-05-03 13: 39: 30 > Done calling model_fn.
2019-05-03 13: 39: 30 > Graph was finalized.
2019-05-03 13: 39: 30 > Restoring parameters from model_dir/20norm_1days_high/kospi200f_1_1_20_basic_500_20_2layers47\model.ckpt-1500
2019-05-03 13: 39: 30 > Running local_init_op.
2019-05-03 13: 39: 30 > Done running local_init_op.
2019-05-03 13: 39: 35 > Calling model_fn.
2019-05-03 13: 39: 42 > Done calling model_fn.
2019-05-03 13: 39: 42 > Create CheckpointSaverHook.
2019-05-03 13: 39: 42 > Graph was finalized.
2019-05-03 13: 39: 42 > Restoring parameters from model_dir/20norm_1days_high/kospi200f_1_1_20_basic_500_20_2layers47\model.ckpt-1500
2019-05-03 13: 39: 43 > Running local_init_op.
2019-05-03 13: 39: 43 > Done running local_init_op.
2019-05-03 13: 39: 49 > Saving checkpoints for 1500 into model_dir/20norm_1days_high/kospi200f_1_1_20_basic_500_20_2layers47\model.ckpt.
2019-05-03 13: 39: 53 > loss = 0.35001603, step = 1501
2019-05-03 13: 40: 47 > global_step/sec: 1.86053
2019-05-03 13: 40: 47 > loss = 0.006906941, step = 1601 (53.748 sec)
2019-05-03 13: 41: 39 > global_step/sec: 1.90994
2019-05-03 13: 41: 39 > loss = 0.0043319897, step = 1701 (52.358 sec)
2019-05-03 13: 42: 32 > global_step/sec: 1.87251
2019-05-03 13: 42: 32 > loss = 0.0043785307, step = 1801 (53.436 sec)
2019-05-03 13: 43: 26 > global_step/sec: 1.87305
2019-05-03 13: 43: 26 > loss = 0.0012468995, step = 1901 (53.358 sec)
2019-05-03 13: 44: 18 > Saving checkpoints for 2000 into model_dir/20norm_1days_high/kospi200f_1_1_20_basic_500_20_2layers47\model.ckpt.
2019-05-03 13: 44: 20 > Loss for final step: 0.0023917418.
2019-05-03 13: 44: 20 > Calling model_fn.
2019-05-03 13: 44: 21 > Done calling model_fn.
2019-05-03 13: 44: 21 > Starting evaluation at 2019-05-03T04:44:21Z
2019-05-03 13: 44: 21 > Graph was finalized.
2019-05-03 13: 44: 21 > Restoring parameters from model_dir/20norm_1days_high/kospi200f_1_1_20_basic_500_20_2layers47\model.ckpt-2000
2019-05-03 13: 44: 21 > Running local_init_op.
2019-05-03 13: 44: 21 > Done running local_init_op.
2019-05-03 13: 44: 22 > Finished evaluation at 2019-05-03-04:44:22
2019-05-03 13: 44: 22 > Saving dict for global step 2000: accuracy = 0.697619, global_step = 2000, loss = 1.7936492, rmse = 1.3392719
2019-05-03 13: 44: 22 > Saving 'checkpoint_path' summary for global step 2000: model_dir/20norm_1days_high/kospi200f_1_1_20_basic_500_20_2layers47\model.ckpt-2000
2019-05-03 13: 44: 29 > Calling model_fn.
2019-05-03 13: 44: 29 > Done calling model_fn.
2019-05-03 13: 44: 29 > Graph was finalized.
2019-05-03 13: 44: 29 > Restoring parameters from model_dir/20norm_1days_high/kospi200f_1_1_20_basic_500_20_2layers47\model.ckpt-2000
2019-05-03 13: 44: 29 > Running local_init_op.
2019-05-03 13: 44: 29 > Done running local_init_op.
2019-05-03 13: 44: 34 > Calling model_fn.
2019-05-03 13: 44: 41 > Done calling model_fn.
2019-05-03 13: 44: 41 > Create CheckpointSaverHook.
2019-05-03 13: 44: 41 > Graph was finalized.
2019-05-03 13: 44: 41 > Restoring parameters from model_dir/20norm_1days_high/kospi200f_1_1_20_basic_500_20_2layers47\model.ckpt-2000
2019-05-03 13: 44: 41 > Running local_init_op.
2019-05-03 13: 44: 41 > Done running local_init_op.
2019-05-03 13: 44: 48 > Saving checkpoints for 2000 into model_dir/20norm_1days_high/kospi200f_1_1_20_basic_500_20_2layers47\model.ckpt.
2019-05-03 13: 44: 51 > loss = 0.07302401, step = 2001
2019-05-03 13: 45: 45 > global_step/sec: 1.85621
2019-05-03 13: 45: 45 > loss = 0.0012526634, step = 2101 (53.873 sec)
2019-05-03 13: 46: 38 > global_step/sec: 1.89974
2019-05-03 13: 46: 38 > loss = 0.00077572366, step = 2201 (52.639 sec)
2019-05-03 13: 47: 34 > global_step/sec: 1.76851
2019-05-03 13: 47: 34 > loss = 0.00020271362, step = 2301 (56.576 sec)
2019-05-03 13: 48: 28 > global_step/sec: 1.8747
2019-05-03 13: 48: 28 > loss = 0.00042620726, step = 2401 (53.311 sec)
2019-05-03 13: 49: 20 > Saving checkpoints for 2500 into model_dir/20norm_1days_high/kospi200f_1_1_20_basic_500_20_2layers47\model.ckpt.
2019-05-03 13: 49: 21 > Loss for final step: 0.00031428548.
2019-05-03 13: 49: 21 > Calling model_fn.
2019-05-03 13: 49: 22 > Done calling model_fn.
2019-05-03 13: 49: 22 > Starting evaluation at 2019-05-03T04:49:22Z
2019-05-03 13: 49: 22 > Graph was finalized.
2019-05-03 13: 49: 22 > Restoring parameters from model_dir/20norm_1days_high/kospi200f_1_1_20_basic_500_20_2layers47\model.ckpt-2500
2019-05-03 13: 49: 22 > Running local_init_op.
2019-05-03 13: 49: 22 > Done running local_init_op.
2019-05-03 13: 49: 23 > Finished evaluation at 2019-05-03-04:49:23
2019-05-03 13: 49: 23 > Saving dict for global step 2500: accuracy = 0.69772726, global_step = 2500, loss = 0.9039194, rmse = 0.9507467
2019-05-03 13: 49: 23 > Saving 'checkpoint_path' summary for global step 2500: model_dir/20norm_1days_high/kospi200f_1_1_20_basic_500_20_2layers47\model.ckpt-2500
2019-05-03 13: 49: 30 > Calling model_fn.
2019-05-03 13: 49: 30 > Done calling model_fn.
2019-05-03 13: 49: 31 > Graph was finalized.
2019-05-03 13: 49: 31 > Restoring parameters from model_dir/20norm_1days_high/kospi200f_1_1_20_basic_500_20_2layers47\model.ckpt-2500
2019-05-03 13: 49: 31 > Running local_init_op.
2019-05-03 13: 49: 31 > Done running local_init_op.
2019-05-03 13: 49: 35 > Calling model_fn.
2019-05-03 13: 49: 42 > Done calling model_fn.
2019-05-03 13: 49: 42 > Create CheckpointSaverHook.
2019-05-03 13: 49: 42 > Graph was finalized.
2019-05-03 13: 49: 42 > Restoring parameters from model_dir/20norm_1days_high/kospi200f_1_1_20_basic_500_20_2layers47\model.ckpt-2500
2019-05-03 13: 49: 42 > Running local_init_op.
2019-05-03 13: 49: 42 > Done running local_init_op.
2019-05-03 13: 49: 49 > Saving checkpoints for 2500 into model_dir/20norm_1days_high/kospi200f_1_1_20_basic_500_20_2layers47\model.ckpt.
2019-05-03 13: 49: 52 > loss = 0.08086112, step = 2501
2019-05-03 13: 50: 46 > global_step/sec: 1.85206
2019-05-03 13: 50: 46 > loss = 0.00043991045, step = 2601 (53.994 sec)
2019-05-03 13: 51: 40 > global_step/sec: 1.84711
2019-05-03 13: 51: 40 > loss = 6.7967056e-05, step = 2701 (54.139 sec)
2019-05-03 13: 52: 34 > global_step/sec: 1.88242
2019-05-03 13: 52: 34 > loss = 4.02893e-05, step = 2801 (53.154 sec)
2019-05-03 13: 53: 27 > global_step/sec: 1.88297
2019-05-03 13: 53: 27 > loss = 2.154211e-05, step = 2901 (53.076 sec)
2019-05-03 13: 54: 20 > Saving checkpoints for 3000 into model_dir/20norm_1days_high/kospi200f_1_1_20_basic_500_20_2layers47\model.ckpt.
2019-05-03 13: 54: 21 > Loss for final step: 3.863332e-05.
2019-05-03 13: 54: 21 > Calling model_fn.
2019-05-03 13: 54: 22 > Done calling model_fn.
2019-05-03 13: 54: 22 > Starting evaluation at 2019-05-03T04:54:22Z
2019-05-03 13: 54: 22 > Graph was finalized.
2019-05-03 13: 54: 22 > Restoring parameters from model_dir/20norm_1days_high/kospi200f_1_1_20_basic_500_20_2layers47\model.ckpt-3000
2019-05-03 13: 54: 22 > Running local_init_op.
2019-05-03 13: 54: 22 > Done running local_init_op.
2019-05-03 13: 54: 23 > Finished evaluation at 2019-05-03-04:54:23
2019-05-03 13: 54: 23 > Saving dict for global step 3000: accuracy = 0.6785714, global_step = 3000, loss = 3.0093334, rmse = 1.734743
2019-05-03 13: 54: 23 > Saving 'checkpoint_path' summary for global step 3000: model_dir/20norm_1days_high/kospi200f_1_1_20_basic_500_20_2layers47\model.ckpt-3000
2019-05-03 13: 54: 30 > Calling model_fn.
2019-05-03 13: 54: 30 > Done calling model_fn.
2019-05-03 13: 54: 31 > Graph was finalized.
2019-05-03 13: 54: 31 > Restoring parameters from model_dir/20norm_1days_high/kospi200f_1_1_20_basic_500_20_2layers47\model.ckpt-3000
2019-05-03 13: 54: 31 > Running local_init_op.
2019-05-03 13: 54: 31 > Done running local_init_op.
2019-05-03 13: 54: 35 > Calling model_fn.
2019-05-03 13: 54: 42 > Done calling model_fn.
2019-05-03 13: 54: 42 > Create CheckpointSaverHook.
2019-05-03 13: 54: 42 > Graph was finalized.
2019-05-03 13: 54: 42 > Restoring parameters from model_dir/20norm_1days_high/kospi200f_1_1_20_basic_500_20_2layers47\model.ckpt-3000
2019-05-03 13: 54: 43 > Running local_init_op.
2019-05-03 13: 54: 43 > Done running local_init_op.
2019-05-03 13: 54: 49 > Saving checkpoints for 3000 into model_dir/20norm_1days_high/kospi200f_1_1_20_basic_500_20_2layers47\model.ckpt.
2019-05-03 13: 54: 53 > loss = 0.37445953, step = 3001
2019-05-03 13: 55: 50 > global_step/sec: 1.75493
2019-05-03 13: 55: 50 > loss = 0.0008702489, step = 3101 (56.982 sec)
2019-05-03 13: 56: 58 > global_step/sec: 1.47539
2019-05-03 13: 56: 58 > loss = 8.676064e-05, step = 3201 (67.810 sec)
2019-05-03 13: 57: 56 > global_step/sec: 1.71726
2019-05-03 13: 57: 56 > loss = 3.4018638e-05, step = 3301 (58.201 sec)
2019-05-03 13: 58: 58 > global_step/sec: 1.61174
2019-05-03 13: 58: 58 > loss = 2.3896591e-05, step = 3401 (62.076 sec)
2019-05-03 13: 59: 56 > Saving checkpoints for 3500 into model_dir/20norm_1days_high/kospi200f_1_1_20_basic_500_20_2layers47\model.ckpt.
2019-05-03 13: 59: 58 > Loss for final step: 1.620007e-05.
2019-05-03 13: 59: 58 > Calling model_fn.
2019-05-03 13: 59: 59 > Done calling model_fn.
2019-05-03 13: 59: 59 > Starting evaluation at 2019-05-03T04:59:59Z
2019-05-03 13: 59: 59 > Graph was finalized.
2019-05-03 13: 59: 59 > Restoring parameters from model_dir/20norm_1days_high/kospi200f_1_1_20_basic_500_20_2layers47\model.ckpt-3500
2019-05-03 13: 59: 59 > Running local_init_op.
2019-05-03 13: 59: 59 > Done running local_init_op.
2019-05-03 14: 00: 01 > Finished evaluation at 2019-05-03-05:00:01
2019-05-03 14: 00: 01 > Saving dict for global step 3500: accuracy = 0.7704545, global_step = 3500, loss = 2.269055, rmse = 1.5063381
2019-05-03 14: 00: 01 > Saving 'checkpoint_path' summary for global step 3500: model_dir/20norm_1days_high/kospi200f_1_1_20_basic_500_20_2layers47\model.ckpt-3500
2019-05-03 14: 00: 08 > Calling model_fn.
2019-05-03 14: 00: 08 > Done calling model_fn.
2019-05-03 14: 00: 08 > Graph was finalized.
2019-05-03 14: 00: 08 > Restoring parameters from model_dir/20norm_1days_high/kospi200f_1_1_20_basic_500_20_2layers47\model.ckpt-3500
2019-05-03 14: 00: 08 > Running local_init_op.
2019-05-03 14: 00: 08 > Done running local_init_op.
2019-05-03 14: 00: 13 > Calling model_fn.
2019-05-03 14: 00: 20 > Done calling model_fn.
2019-05-03 14: 00: 20 > Create CheckpointSaverHook.
2019-05-03 14: 00: 20 > Graph was finalized.
2019-05-03 14: 00: 20 > Restoring parameters from model_dir/20norm_1days_high/kospi200f_1_1_20_basic_500_20_2layers47\model.ckpt-3500
2019-05-03 14: 00: 20 > Running local_init_op.
2019-05-03 14: 00: 20 > Done running local_init_op.
2019-05-03 14: 00: 27 > Saving checkpoints for 3500 into model_dir/20norm_1days_high/kospi200f_1_1_20_basic_500_20_2layers47\model.ckpt.
2019-05-03 14: 00: 32 > loss = 0.23071447, step = 3501
2019-05-03 14: 01: 27 > global_step/sec: 1.80542
2019-05-03 14: 01: 27 > loss = 0.00085043936, step = 3601 (55.420 sec)
2019-05-03 14: 02: 21 > global_step/sec: 1.85353
2019-05-03 14: 02: 21 > loss = 8.609684e-05, step = 3701 (53.920 sec)
2019-05-03 14: 03: 15 > global_step/sec: 1.85621
2019-05-03 14: 03: 15 > loss = 2.108561e-05, step = 3801 (53.873 sec)
2019-05-03 14: 04: 10 > global_step/sec: 1.81825
2019-05-03 14: 04: 10 > loss = 3.105092e-05, step = 3901 (55.029 sec)
2019-05-03 14: 05: 03 > Saving checkpoints for 4000 into model_dir/20norm_1days_high/kospi200f_1_1_20_basic_500_20_2layers47\model.ckpt.
2019-05-03 14: 05: 05 > Loss for final step: 1.4798707e-05.
2019-05-03 14: 05: 05 > Calling model_fn.
2019-05-03 14: 05: 06 > Done calling model_fn.
2019-05-03 14: 05: 06 > Starting evaluation at 2019-05-03T05:05:06Z
2019-05-03 14: 05: 06 > Graph was finalized.
2019-05-03 14: 05: 06 > Restoring parameters from model_dir/20norm_1days_high/kospi200f_1_1_20_basic_500_20_2layers47\model.ckpt-4000
2019-05-03 14: 05: 06 > Running local_init_op.
2019-05-03 14: 05: 06 > Done running local_init_op.
2019-05-03 14: 05: 07 > Finished evaluation at 2019-05-03-05:05:07
2019-05-03 14: 05: 07 > Saving dict for global step 4000: accuracy = 0.8090909, global_step = 4000, loss = 1.015561, rmse = 1.0077504
2019-05-03 14: 05: 07 > Saving 'checkpoint_path' summary for global step 4000: model_dir/20norm_1days_high/kospi200f_1_1_20_basic_500_20_2layers47\model.ckpt-4000
2019-05-03 14: 05: 14 > Calling model_fn.
2019-05-03 14: 05: 15 > Done calling model_fn.
2019-05-03 14: 05: 15 > Graph was finalized.
2019-05-03 14: 05: 15 > Restoring parameters from model_dir/20norm_1days_high/kospi200f_1_1_20_basic_500_20_2layers47\model.ckpt-4000
2019-05-03 14: 05: 15 > Running local_init_op.
2019-05-03 14: 05: 15 > Done running local_init_op.
2019-05-03 14: 05: 19 > Calling model_fn.
2019-05-03 14: 05: 27 > Done calling model_fn.
2019-05-03 14: 05: 27 > Create CheckpointSaverHook.
2019-05-03 14: 05: 27 > Graph was finalized.
2019-05-03 14: 05: 27 > Restoring parameters from model_dir/20norm_1days_high/kospi200f_1_1_20_basic_500_20_2layers47\model.ckpt-4000
2019-05-03 14: 05: 27 > Running local_init_op.
2019-05-03 14: 05: 27 > Done running local_init_op.
2019-05-03 14: 05: 34 > Saving checkpoints for 4000 into model_dir/20norm_1days_high/kospi200f_1_1_20_basic_500_20_2layers47\model.ckpt.
2019-05-03 14: 05: 38 > loss = 0.24474946, step = 4001
2019-05-03 14: 06: 32 > global_step/sec: 1.84764
2019-05-03 14: 06: 32 > loss = 0.00019344136, step = 4101 (54.170 sec)
2019-05-03 14: 07: 25 > global_step/sec: 1.88964
2019-05-03 14: 07: 25 > loss = 3.7409867e-05, step = 4201 (52.873 sec)
2019-05-03 14: 08: 21 > global_step/sec: 1.77046
2019-05-03 14: 08: 21 > loss = 1.852991e-05, step = 4301 (56.482 sec)
2019-05-03 14: 09: 16 > global_step/sec: 1.8323
2019-05-03 14: 09: 16 > loss = 1.3746324e-05, step = 4401 (54.607 sec)
2019-05-03 14: 10: 09 > Saving checkpoints for 4500 into model_dir/20norm_1days_high/kospi200f_1_1_20_basic_500_20_2layers47\model.ckpt.
2019-05-03 14: 10: 11 > Loss for final step: 9.362033e-06.
2019-05-03 14: 10: 11 > Calling model_fn.
2019-05-03 14: 10: 12 > Done calling model_fn.
2019-05-03 14: 10: 12 > Starting evaluation at 2019-05-03T05:10:12Z
2019-05-03 14: 10: 12 > Graph was finalized.
2019-05-03 14: 10: 12 > Restoring parameters from model_dir/20norm_1days_high/kospi200f_1_1_20_basic_500_20_2layers47\model.ckpt-4500
2019-05-03 14: 10: 12 > Running local_init_op.
2019-05-03 14: 10: 12 > Done running local_init_op.
2019-05-03 14: 10: 13 > Finished evaluation at 2019-05-03-05:10:13
2019-05-03 14: 10: 13 > Saving dict for global step 4500: accuracy = 0.7214286, global_step = 4500, loss = 0.8052201, rmse = 0.89734054
2019-05-03 14: 10: 13 > Saving 'checkpoint_path' summary for global step 4500: model_dir/20norm_1days_high/kospi200f_1_1_20_basic_500_20_2layers47\model.ckpt-4500
2019-05-03 14: 10: 20 > Calling model_fn.
2019-05-03 14: 10: 21 > Done calling model_fn.
2019-05-03 14: 10: 21 > Graph was finalized.
2019-05-03 14: 10: 21 > Restoring parameters from model_dir/20norm_1days_high/kospi200f_1_1_20_basic_500_20_2layers47\model.ckpt-4500
2019-05-03 14: 10: 21 > Running local_init_op.
2019-05-03 14: 10: 21 > Done running local_init_op.
2019-05-03 14: 10: 25 > Calling model_fn.
2019-05-03 14: 10: 32 > Done calling model_fn.
2019-05-03 14: 10: 32 > Create CheckpointSaverHook.
2019-05-03 14: 10: 32 > Graph was finalized.
2019-05-03 14: 10: 32 > Restoring parameters from model_dir/20norm_1days_high/kospi200f_1_1_20_basic_500_20_2layers47\model.ckpt-4500
2019-05-03 14: 10: 32 > Running local_init_op.
2019-05-03 14: 10: 33 > Done running local_init_op.
2019-05-03 14: 10: 39 > Saving checkpoints for 4500 into model_dir/20norm_1days_high/kospi200f_1_1_20_basic_500_20_2layers47\model.ckpt.
2019-05-03 14: 10: 43 > loss = 0.124962546, step = 4501
2019-05-03 14: 11: 37 > global_step/sec: 1.84338
2019-05-03 14: 11: 37 > loss = 0.0001565866, step = 4601 (54.279 sec)
2019-05-03 14: 12: 33 > global_step/sec: 1.79379
2019-05-03 14: 12: 33 > loss = 9.142267e-05, step = 4701 (55.732 sec)
2019-05-03 14: 13: 30 > global_step/sec: 1.76121
2019-05-03 14: 13: 30 > loss = 1.4166988e-05, step = 4801 (56.764 sec)
2019-05-03 14: 14: 30 > global_step/sec: 1.65852
2019-05-03 14: 14: 30 > loss = 1.0288288e-05, step = 4901 (60.326 sec)
2019-05-03 14: 15: 24 > Saving checkpoints for 5000 into model_dir/20norm_1days_high/kospi200f_1_1_20_basic_500_20_2layers47\model.ckpt.
2019-05-03 14: 15: 26 > Loss for final step: 9.195261e-06.
2019-05-03 14: 15: 26 > Calling model_fn.
2019-05-03 14: 15: 27 > Done calling model_fn.
2019-05-03 14: 15: 27 > Starting evaluation at 2019-05-03T05:15:27Z
2019-05-03 14: 15: 27 > Graph was finalized.
2019-05-03 14: 15: 27 > Restoring parameters from model_dir/20norm_1days_high/kospi200f_1_1_20_basic_500_20_2layers47\model.ckpt-5000
2019-05-03 14: 15: 27 > Running local_init_op.
2019-05-03 14: 15: 27 > Done running local_init_op.
2019-05-03 14: 15: 28 > Finished evaluation at 2019-05-03-05:15:28
2019-05-03 14: 15: 28 > Saving dict for global step 5000: accuracy = 0.5954546, global_step = 5000, loss = 3.4998243, rmse = 1.8707819
2019-05-03 14: 15: 28 > Saving 'checkpoint_path' summary for global step 5000: model_dir/20norm_1days_high/kospi200f_1_1_20_basic_500_20_2layers47\model.ckpt-5000
2019-05-03 14: 15: 35 > Calling model_fn.
2019-05-03 14: 15: 36 > Done calling model_fn.
2019-05-03 14: 15: 36 > Graph was finalized.
2019-05-03 14: 15: 36 > Restoring parameters from model_dir/20norm_1days_high/kospi200f_1_1_20_basic_500_20_2layers47\model.ckpt-5000
2019-05-03 14: 15: 36 > Running local_init_op.
2019-05-03 14: 15: 36 > Done running local_init_op.
2019-05-03 14: 15: 40 > Calling model_fn.
2019-05-03 14: 15: 47 > Done calling model_fn.
2019-05-03 14: 15: 47 > Create CheckpointSaverHook.
2019-05-03 14: 15: 48 > Graph was finalized.
2019-05-03 14: 15: 48 > Restoring parameters from model_dir/20norm_1days_high/kospi200f_1_1_20_basic_500_20_2layers47\model.ckpt-5000
2019-05-03 14: 15: 48 > Running local_init_op.
2019-05-03 14: 15: 48 > Done running local_init_op.
2019-05-03 14: 15: 55 > Saving checkpoints for 5000 into model_dir/20norm_1days_high/kospi200f_1_1_20_basic_500_20_2layers47\model.ckpt.
2019-05-03 14: 15: 58 > loss = 0.12849857, step = 5001
2019-05-03 14: 16: 53 > global_step/sec: 1.83282
2019-05-03 14: 16: 53 > loss = 0.0011096236, step = 5101 (54.592 sec)
2019-05-03 14: 17: 47 > global_step/sec: 1.84764
2019-05-03 14: 17: 47 > loss = 0.0001013306, step = 5201 (54.092 sec)
2019-05-03 14: 18: 40 > global_step/sec: 1.89636
2019-05-03 14: 18: 40 > loss = 2.5752233e-05, step = 5301 (52.733 sec)
2019-05-03 14: 19: 39 > global_step/sec: 1.67985
2019-05-03 14: 19: 39 > loss = 1.8267023e-05, step = 5401 (59.560 sec)
2019-05-03 14: 20: 35 > Saving checkpoints for 5500 into model_dir/20norm_1days_high/kospi200f_1_1_20_basic_500_20_2layers47\model.ckpt.
2019-05-03 14: 20: 37 > Loss for final step: 1.29055525e-05.
2019-05-03 14: 20: 37 > Calling model_fn.
2019-05-03 14: 20: 37 > Done calling model_fn.
2019-05-03 14: 20: 37 > Starting evaluation at 2019-05-03T05:20:37Z
2019-05-03 14: 20: 38 > Graph was finalized.
2019-05-03 14: 20: 38 > Restoring parameters from model_dir/20norm_1days_high/kospi200f_1_1_20_basic_500_20_2layers47\model.ckpt-5500
2019-05-03 14: 20: 38 > Running local_init_op.
2019-05-03 14: 20: 38 > Done running local_init_op.
2019-05-03 14: 20: 39 > Finished evaluation at 2019-05-03-05:20:39
2019-05-03 14: 20: 39 > Saving dict for global step 5500: accuracy = 0.6761905, global_step = 5500, loss = 3.695767, rmse = 1.9224377
2019-05-03 14: 20: 39 > Saving 'checkpoint_path' summary for global step 5500: model_dir/20norm_1days_high/kospi200f_1_1_20_basic_500_20_2layers47\model.ckpt-5500
2019-05-03 14: 20: 45 > Calling model_fn.
2019-05-03 14: 20: 46 > Done calling model_fn.
2019-05-03 14: 20: 46 > Graph was finalized.
2019-05-03 14: 20: 46 > Restoring parameters from model_dir/20norm_1days_high/kospi200f_1_1_20_basic_500_20_2layers47\model.ckpt-5500
2019-05-03 14: 20: 46 > Running local_init_op.
2019-05-03 14: 20: 46 > Done running local_init_op.
2019-05-03 14: 20: 50 > Calling model_fn.
2019-05-03 14: 20: 57 > Done calling model_fn.
2019-05-03 14: 20: 57 > Create CheckpointSaverHook.
2019-05-03 14: 20: 57 > Graph was finalized.
2019-05-03 14: 20: 57 > Restoring parameters from model_dir/20norm_1days_high/kospi200f_1_1_20_basic_500_20_2layers47\model.ckpt-5500
2019-05-03 14: 20: 57 > Running local_init_op.
2019-05-03 14: 20: 57 > Done running local_init_op.
2019-05-03 14: 21: 04 > Saving checkpoints for 5500 into model_dir/20norm_1days_high/kospi200f_1_1_20_basic_500_20_2layers47\model.ckpt.
2019-05-03 14: 21: 07 > loss = 0.76187384, step = 5501
2019-05-03 14: 22: 01 > global_step/sec: 1.85031
2019-05-03 14: 22: 02 > loss = 0.00029770375, step = 5601 (54.076 sec)
2019-05-03 14: 22: 55 > global_step/sec: 1.88353
2019-05-03 14: 22: 55 > loss = 4.7482306e-05, step = 5701 (53.061 sec)
2019-05-03 14: 23: 48 > global_step/sec: 1.87305
2019-05-03 14: 23: 48 > loss = 2.6416647e-05, step = 5801 (53.389 sec)
2019-05-03 14: 24: 42 > global_step/sec: 1.84498
2019-05-03 14: 24: 42 > loss = 3.4675595e-05, step = 5901 (54.264 sec)
2019-05-03 14: 25: 35 > Saving checkpoints for 6000 into model_dir/20norm_1days_high/kospi200f_1_1_20_basic_500_20_2layers47\model.ckpt.
2019-05-03 14: 25: 37 > Loss for final step: 2.138332e-05.
2019-05-03 14: 25: 37 > 2019 05 03 14 25 37
2019-05-03 14: 25: 37 > ======================no-ensemble train-predict end, saving the results ===========================
