2019-10-18 00: 30: 03 > train term 1:2000-02-01~2018-12-31
2019-10-18 00: 30: 03 > train term 2:2006-01--01~2006-12-31
2019-10-18 00: 30: 03 > 2019 10 18 00 30 03
2019-10-18 00: 30: 03 > ======================no-ensemble train-predict start ===========================
2019-10-18 00: 30: 03 > Using config: {'_model_dir': 'model_dir/v5_0_1_810_nh/kospi200f_2day_a0.5b0.1_T_20191018003003', '_tf_random_seed': None, '_save_summary_steps': 100, '_save_checkpoints_steps': None, '_save_checkpoints_secs': 1200, '_session_config': allow_soft_placement: true
graph_options {
  rewrite_options {
    meta_optimizer_iterations: ONE
  }
}
, '_keep_checkpoint_max': 1, '_keep_checkpoint_every_n_hours': 10000, '_log_step_count_steps': 100, '_train_distribute': None, '_device_fn': None, '_protocol': None, '_eval_distribute': None, '_experimental_distribute': None, '_service': None, '_cluster_spec': <tensorflow.python.training.server_lib.ClusterSpec object at 0x0000027246DC12E8>, '_task_type': 'worker', '_task_id': 0, '_global_id_in_cluster': 0, '_master': '', '_evaluation_master': '', '_is_chief': True, '_num_ps_replicas': 0, '_num_worker_replicas': 1}
2019-10-18 00: 30: 03 > model created: model_dir/v5_0_1_810_nh/kospi200f_2day_a0.5b0.1_T_20191018003003
2019-10-18 00: 30: 03 > 2019 10 18 00 30 03
2019-10-18 00: 30: 03 > 2019 10 18 00 30 03
2019-10-18 00: 30: 03 > ====================== gradual train start #0 ===========================
2019-10-18 00: 30: 03 > ====================== gradual train start #0 ===========================
2019-10-18 00: 30: 06 > From C:\Users\user\Anaconda3\envs\tensorflow\lib\site-packages\tensorflow\python\estimator\inputs\queues\feeding_queue_runner.py:62: QueueRunner.__init__ (from tensorflow.python.training.queue_runner_impl) is deprecated and will be removed in a future version.
Instructions for updating:
To construct input pipelines, use the `tf.data` module.
2019-10-18 00: 30: 06 > From C:\Users\user\Anaconda3\envs\tensorflow\lib\site-packages\tensorflow\python\estimator\inputs\queues\feeding_queue_runner.py:62: QueueRunner.__init__ (from tensorflow.python.training.queue_runner_impl) is deprecated and will be removed in a future version.
Instructions for updating:
To construct input pipelines, use the `tf.data` module.
2019-10-18 00: 30: 06 > From C:\Users\user\Anaconda3\envs\tensorflow\lib\site-packages\tensorflow\python\estimator\inputs\queues\feeding_functions.py:500: add_queue_runner (from tensorflow.python.training.queue_runner_impl) is deprecated and will be removed in a future version.
Instructions for updating:
To construct input pipelines, use the `tf.data` module.
2019-10-18 00: 30: 06 > From C:\Users\user\Anaconda3\envs\tensorflow\lib\site-packages\tensorflow\python\estimator\inputs\queues\feeding_functions.py:500: add_queue_runner (from tensorflow.python.training.queue_runner_impl) is deprecated and will be removed in a future version.
Instructions for updating:
To construct input pipelines, use the `tf.data` module.
2019-10-18 00: 30: 06 > Calling model_fn.
2019-10-18 00: 30: 06 > Calling model_fn.
2019-10-18 00: 30: 45 > Done calling model_fn.
2019-10-18 00: 30: 45 > Done calling model_fn.
2019-10-18 00: 30: 45 > Create CheckpointSaverHook.
2019-10-18 00: 30: 45 > Create CheckpointSaverHook.
2019-10-18 00: 30: 54 > Graph was finalized.
2019-10-18 00: 30: 54 > Graph was finalized.
2019-10-18 00: 30: 56 > Running local_init_op.
2019-10-18 00: 30: 56 > Running local_init_op.
2019-10-18 00: 30: 57 > Done running local_init_op.
2019-10-18 00: 30: 57 > Done running local_init_op.
2019-10-18 00: 30: 57 > From C:\Users\user\Anaconda3\envs\tensorflow\lib\site-packages\tensorflow\python\training\monitored_session.py:804: start_queue_runners (from tensorflow.python.training.queue_runner_impl) is deprecated and will be removed in a future version.
Instructions for updating:
To construct input pipelines, use the `tf.data` module.
2019-10-18 00: 30: 57 > From C:\Users\user\Anaconda3\envs\tensorflow\lib\site-packages\tensorflow\python\training\monitored_session.py:804: start_queue_runners (from tensorflow.python.training.queue_runner_impl) is deprecated and will be removed in a future version.
Instructions for updating:
To construct input pipelines, use the `tf.data` module.
2019-10-18 00: 31: 19 > Saving checkpoints for 0 into model_dir/v5_0_1_810_nh/kospi200f_2day_a0.5b0.1_T_20191018003003\model.ckpt.
2019-10-18 00: 31: 19 > Saving checkpoints for 0 into model_dir/v5_0_1_810_nh/kospi200f_2day_a0.5b0.1_T_20191018003003\model.ckpt.
2019-10-18 00: 32: 16 > loss = 7.146685, step = 1
2019-10-18 00: 32: 16 > loss = 7.146685, step = 1
2019-10-18 00: 32: 16 > Saving checkpoints for 1 into model_dir/v5_0_1_810_nh/kospi200f_2day_a0.5b0.1_T_20191018003003\model.ckpt.
2019-10-18 00: 32: 16 > Saving checkpoints for 1 into model_dir/v5_0_1_810_nh/kospi200f_2day_a0.5b0.1_T_20191018003003\model.ckpt.
2019-10-18 00: 32: 23 > Loss for final step: 7.146685.
2019-10-18 00: 32: 23 > Loss for final step: 7.146685.
2019-10-18 00: 32: 23 > train: 2006-01--01~2006-12-26
2019-10-18 00: 32: 23 > train: 2006-01--01~2006-12-26
2019-10-18 00: 32: 23 > test: 2006-12-26~2007-12-26
2019-10-18 00: 32: 23 > test: 2006-12-26~2007-12-26
2019-10-18 00: 32: 23 > Calling model_fn.
2019-10-18 00: 32: 23 > Calling model_fn.
2019-10-18 00: 33: 01 > Done calling model_fn.
2019-10-18 00: 33: 01 > Done calling model_fn.
2019-10-18 00: 33: 01 > Create CheckpointSaverHook.
2019-10-18 00: 33: 01 > Create CheckpointSaverHook.
2019-10-18 00: 33: 01 > Graph was finalized.
2019-10-18 00: 33: 01 > Graph was finalized.
2019-10-18 00: 33: 01 > Restoring parameters from model_dir/v5_0_1_810_nh/kospi200f_2day_a0.5b0.1_T_20191018003003\model.ckpt-1
2019-10-18 00: 33: 01 > Restoring parameters from model_dir/v5_0_1_810_nh/kospi200f_2day_a0.5b0.1_T_20191018003003\model.ckpt-1
2019-10-18 00: 33: 03 > Running local_init_op.
2019-10-18 00: 33: 03 > Running local_init_op.
2019-10-18 00: 33: 03 > Done running local_init_op.
2019-10-18 00: 33: 03 > Done running local_init_op.
2019-10-18 00: 33: 26 > Saving checkpoints for 1 into model_dir/v5_0_1_810_nh/kospi200f_2day_a0.5b0.1_T_20191018003003\model.ckpt.
2019-10-18 00: 33: 26 > Saving checkpoints for 1 into model_dir/v5_0_1_810_nh/kospi200f_2day_a0.5b0.1_T_20191018003003\model.ckpt.
2019-10-18 00: 34: 24 > loss = 7.079952, step = 2
2019-10-18 00: 34: 24 > loss = 7.079952, step = 2
2019-10-18 00: 36: 01 > global_step/sec: 1.03276
2019-10-18 00: 36: 01 > global_step/sec: 1.03276
2019-10-18 00: 36: 01 > loss = -5.6680746, step = 102 (96.844 sec)
2019-10-18 00: 36: 01 > loss = -5.6680746, step = 102 (96.844 sec)
2019-10-18 00: 36: 46 > global_step/sec: 2.23386
2019-10-18 00: 36: 46 > global_step/sec: 2.23386
2019-10-18 00: 36: 46 > loss = -6.189187, step = 202 (44.766 sec)
2019-10-18 00: 36: 46 > loss = -6.189187, step = 202 (44.766 sec)
2019-10-18 00: 37: 31 > global_step/sec: 2.2153
2019-10-18 00: 37: 31 > global_step/sec: 2.2153
2019-10-18 00: 37: 31 > loss = -6.502247, step = 302 (45.125 sec)
2019-10-18 00: 37: 31 > loss = -6.502247, step = 302 (45.125 sec)
2019-10-18 00: 38: 15 > global_step/sec: 2.23776
2019-10-18 00: 38: 15 > global_step/sec: 2.23776
2019-10-18 00: 38: 15 > loss = -5.419595, step = 402 (44.703 sec)
2019-10-18 00: 38: 15 > loss = -5.419595, step = 402 (44.703 sec)
2019-10-18 00: 39: 00 > Saving checkpoints for 501 into model_dir/v5_0_1_810_nh/kospi200f_2day_a0.5b0.1_T_20191018003003\model.ckpt.
2019-10-18 00: 39: 00 > Saving checkpoints for 501 into model_dir/v5_0_1_810_nh/kospi200f_2day_a0.5b0.1_T_20191018003003\model.ckpt.
2019-10-18 00: 39: 06 > Loss for final step: -5.6986647.
2019-10-18 00: 39: 06 > Loss for final step: -5.6986647.
2019-10-18 00: 39: 39 > Calling model_fn.
2019-10-18 00: 39: 39 > Calling model_fn.
2019-10-18 00: 39: 40 > Done calling model_fn.
2019-10-18 00: 39: 40 > Done calling model_fn.
2019-10-18 00: 39: 41 > Graph was finalized.
2019-10-18 00: 39: 41 > Graph was finalized.
2019-10-18 00: 39: 41 > Restoring parameters from model_dir/v5_0_1_810_nh/kospi200f_2day_a0.5b0.1_T_20191018003003\model.ckpt-501
2019-10-18 00: 39: 41 > Restoring parameters from model_dir/v5_0_1_810_nh/kospi200f_2day_a0.5b0.1_T_20191018003003\model.ckpt-501
2019-10-18 00: 39: 41 > Running local_init_op.
2019-10-18 00: 39: 41 > Running local_init_op.
2019-10-18 00: 39: 41 > Done running local_init_op.
2019-10-18 00: 39: 41 > Done running local_init_op.
2019-10-18 00: 39: 46 > accuracy: 0.39094650205761317, down accuracy: 0.5353535353535354, acc with interval: 0.2786885245901639

2019-10-18 00: 39: 46 > accuracy: 0.39094650205761317, down accuracy: 0.5353535353535354, acc with interval: 0.2786885245901639

2019-10-18 00: 39: 46 > 
 avg_profit, avg_loss, max_profit, max_loss
3.499473684210528,-2.991946308724833,17.94999999999999,-15.950000000000017
2019-10-18 00: 39: 46 > 
 avg_profit, avg_loss, max_profit, max_loss
3.499473684210528,-2.991946308724833,17.94999999999999,-15.950000000000017
2019-10-18 00: 39: 47 > train: 2006-01--01~2007-12-26
2019-10-18 00: 39: 47 > train: 2006-01--01~2007-12-26
2019-10-18 00: 39: 47 > test: 2007-12-27~2009-01-16
2019-10-18 00: 39: 47 > test: 2007-12-27~2009-01-16
2019-10-18 00: 39: 48 > Calling model_fn.
2019-10-18 00: 39: 48 > Calling model_fn.
2019-10-18 00: 40: 24 > Done calling model_fn.
2019-10-18 00: 40: 24 > Done calling model_fn.
2019-10-18 00: 40: 24 > Create CheckpointSaverHook.
2019-10-18 00: 40: 24 > Create CheckpointSaverHook.
2019-10-18 00: 40: 24 > Graph was finalized.
2019-10-18 00: 40: 24 > Graph was finalized.
2019-10-18 00: 40: 24 > Restoring parameters from model_dir/v5_0_1_810_nh/kospi200f_2day_a0.5b0.1_T_20191018003003\model.ckpt-501
2019-10-18 00: 40: 24 > Restoring parameters from model_dir/v5_0_1_810_nh/kospi200f_2day_a0.5b0.1_T_20191018003003\model.ckpt-501
2019-10-18 00: 40: 26 > Running local_init_op.
2019-10-18 00: 40: 26 > Running local_init_op.
2019-10-18 00: 40: 27 > Done running local_init_op.
2019-10-18 00: 40: 27 > Done running local_init_op.
2019-10-18 00: 40: 50 > Saving checkpoints for 501 into model_dir/v5_0_1_810_nh/kospi200f_2day_a0.5b0.1_T_20191018003003\model.ckpt.
2019-10-18 00: 40: 50 > Saving checkpoints for 501 into model_dir/v5_0_1_810_nh/kospi200f_2day_a0.5b0.1_T_20191018003003\model.ckpt.
2019-10-18 00: 41: 47 > loss = 12.695203, step = 502
2019-10-18 00: 41: 47 > loss = 12.695203, step = 502
2019-10-18 00: 43: 24 > global_step/sec: 1.03259
2019-10-18 00: 43: 24 > global_step/sec: 1.03259
2019-10-18 00: 43: 24 > loss = -6.3976417, step = 602 (96.844 sec)
2019-10-18 00: 43: 24 > loss = -6.3976417, step = 602 (96.844 sec)
2019-10-18 00: 44: 08 > global_step/sec: 2.23308
2019-10-18 00: 44: 08 > global_step/sec: 2.23308
2019-10-18 00: 44: 08 > loss = -6.363664, step = 702 (44.781 sec)
2019-10-18 00: 44: 08 > loss = -6.363664, step = 702 (44.781 sec)
2019-10-18 00: 44: 53 > Saving checkpoints for 801 into model_dir/v5_0_1_810_nh/kospi200f_2day_a0.5b0.1_T_20191018003003\model.ckpt.
2019-10-18 00: 44: 53 > Saving checkpoints for 801 into model_dir/v5_0_1_810_nh/kospi200f_2day_a0.5b0.1_T_20191018003003\model.ckpt.
2019-10-18 00: 44: 59 > Loss for final step: -6.4055257.
2019-10-18 00: 44: 59 > Loss for final step: -6.4055257.
2019-10-18 00: 45: 35 > Calling model_fn.
2019-10-18 00: 45: 35 > Calling model_fn.
2019-10-18 00: 45: 35 > Done calling model_fn.
2019-10-18 00: 45: 35 > Done calling model_fn.
2019-10-18 00: 45: 35 > Graph was finalized.
2019-10-18 00: 45: 35 > Graph was finalized.
2019-10-18 00: 45: 35 > Restoring parameters from model_dir/v5_0_1_810_nh/kospi200f_2day_a0.5b0.1_T_20191018003003\model.ckpt-801
2019-10-18 00: 45: 35 > Restoring parameters from model_dir/v5_0_1_810_nh/kospi200f_2day_a0.5b0.1_T_20191018003003\model.ckpt-801
2019-10-18 00: 45: 35 > Running local_init_op.
2019-10-18 00: 45: 35 > Running local_init_op.
2019-10-18 00: 45: 35 > Done running local_init_op.
2019-10-18 00: 45: 35 > Done running local_init_op.
2019-10-18 00: 45: 41 > accuracy: 0.434, down accuracy: 0.46638655462184875, acc with interval: 0.3153692614770459

2019-10-18 00: 45: 41 > accuracy: 0.434, down accuracy: 0.46638655462184875, acc with interval: 0.3153692614770459

2019-10-18 00: 45: 41 > 
 avg_profit, avg_loss, max_profit, max_loss
3.76152073732719,-3.4568661971830985,17.94999999999999,-17.700000000000017
2019-10-18 00: 45: 41 > 
 avg_profit, avg_loss, max_profit, max_loss
3.76152073732719,-3.4568661971830985,17.94999999999999,-17.700000000000017
2019-10-18 00: 45: 42 > train: 2006-01--01~2009-01-16
2019-10-18 00: 45: 42 > train: 2006-01--01~2009-01-16
2019-10-18 00: 45: 42 > test: 2009-01-19~2010-01-28
2019-10-18 00: 45: 42 > test: 2009-01-19~2010-01-28
2019-10-18 00: 45: 43 > Calling model_fn.
2019-10-18 00: 45: 43 > Calling model_fn.
2019-10-18 00: 46: 20 > Done calling model_fn.
2019-10-18 00: 46: 20 > Done calling model_fn.
2019-10-18 00: 46: 20 > Create CheckpointSaverHook.
2019-10-18 00: 46: 20 > Create CheckpointSaverHook.
2019-10-18 00: 46: 20 > Graph was finalized.
2019-10-18 00: 46: 20 > Graph was finalized.
2019-10-18 00: 46: 20 > Restoring parameters from model_dir/v5_0_1_810_nh/kospi200f_2day_a0.5b0.1_T_20191018003003\model.ckpt-801
2019-10-18 00: 46: 20 > Restoring parameters from model_dir/v5_0_1_810_nh/kospi200f_2day_a0.5b0.1_T_20191018003003\model.ckpt-801
2019-10-18 00: 46: 23 > Running local_init_op.
2019-10-18 00: 46: 23 > Running local_init_op.
2019-10-18 00: 46: 23 > Done running local_init_op.
2019-10-18 00: 46: 23 > Done running local_init_op.
2019-10-18 00: 46: 47 > Saving checkpoints for 801 into model_dir/v5_0_1_810_nh/kospi200f_2day_a0.5b0.1_T_20191018003003\model.ckpt.
2019-10-18 00: 46: 47 > Saving checkpoints for 801 into model_dir/v5_0_1_810_nh/kospi200f_2day_a0.5b0.1_T_20191018003003\model.ckpt.
2019-10-18 00: 47: 44 > loss = 7.4812713, step = 802
2019-10-18 00: 47: 44 > loss = 7.4812713, step = 802
2019-10-18 00: 49: 22 > global_step/sec: 1.02466
2019-10-18 00: 49: 22 > global_step/sec: 1.02466
2019-10-18 00: 49: 22 > loss = -7.5724883, step = 902 (97.594 sec)
2019-10-18 00: 49: 22 > loss = -7.5724883, step = 902 (97.594 sec)
2019-10-18 00: 50: 07 > global_step/sec: 2.22377
2019-10-18 00: 50: 07 > global_step/sec: 2.22377
2019-10-18 00: 50: 07 > loss = -6.8625946, step = 1002 (44.969 sec)
2019-10-18 00: 50: 07 > loss = -6.8625946, step = 1002 (44.969 sec)
2019-10-18 00: 50: 52 > Saving checkpoints for 1101 into model_dir/v5_0_1_810_nh/kospi200f_2day_a0.5b0.1_T_20191018003003\model.ckpt.
2019-10-18 00: 50: 52 > Saving checkpoints for 1101 into model_dir/v5_0_1_810_nh/kospi200f_2day_a0.5b0.1_T_20191018003003\model.ckpt.
2019-10-18 00: 50: 58 > Loss for final step: -9.597335.
2019-10-18 00: 50: 58 > Loss for final step: -9.597335.
2019-10-18 00: 51: 35 > Calling model_fn.
2019-10-18 00: 51: 35 > Calling model_fn.
2019-10-18 00: 51: 35 > Done calling model_fn.
2019-10-18 00: 51: 35 > Done calling model_fn.
2019-10-18 00: 51: 35 > Graph was finalized.
2019-10-18 00: 51: 35 > Graph was finalized.
2019-10-18 00: 51: 35 > Restoring parameters from model_dir/v5_0_1_810_nh/kospi200f_2day_a0.5b0.1_T_20191018003003\model.ckpt-1101
2019-10-18 00: 51: 35 > Restoring parameters from model_dir/v5_0_1_810_nh/kospi200f_2day_a0.5b0.1_T_20191018003003\model.ckpt-1101
2019-10-18 00: 51: 35 > Running local_init_op.
2019-10-18 00: 51: 35 > Running local_init_op.
2019-10-18 00: 51: 35 > Done running local_init_op.
2019-10-18 00: 51: 35 > Done running local_init_op.
2019-10-18 00: 51: 41 > accuracy: 0.46808510638297873, down accuracy: 0.5141242937853108, acc with interval: 0.34130146082337315

2019-10-18 00: 51: 41 > accuracy: 0.46808510638297873, down accuracy: 0.5141242937853108, acc with interval: 0.34130146082337315

2019-10-18 00: 51: 41 > 
 avg_profit, avg_loss, max_profit, max_loss
3.2791193181818197,-3.3665835411471314,17.94999999999999,-17.700000000000017
2019-10-18 00: 51: 41 > 
 avg_profit, avg_loss, max_profit, max_loss
3.2791193181818197,-3.3665835411471314,17.94999999999999,-17.700000000000017
2019-10-18 00: 51: 42 > train: 2006-01--01~2010-01-28
2019-10-18 00: 51: 42 > train: 2006-01--01~2010-01-28
2019-10-18 00: 51: 42 > test: 2010-01-29~2011-02-16
2019-10-18 00: 51: 42 > test: 2010-01-29~2011-02-16
2019-10-18 00: 51: 43 > Calling model_fn.
2019-10-18 00: 51: 43 > Calling model_fn.
2019-10-18 00: 52: 21 > Done calling model_fn.
2019-10-18 00: 52: 21 > Done calling model_fn.
2019-10-18 00: 52: 21 > Create CheckpointSaverHook.
2019-10-18 00: 52: 21 > Create CheckpointSaverHook.
2019-10-18 00: 52: 21 > Graph was finalized.
2019-10-18 00: 52: 21 > Graph was finalized.
2019-10-18 00: 52: 21 > Restoring parameters from model_dir/v5_0_1_810_nh/kospi200f_2day_a0.5b0.1_T_20191018003003\model.ckpt-1101
2019-10-18 00: 52: 21 > Restoring parameters from model_dir/v5_0_1_810_nh/kospi200f_2day_a0.5b0.1_T_20191018003003\model.ckpt-1101
2019-10-18 00: 52: 23 > Running local_init_op.
2019-10-18 00: 52: 23 > Running local_init_op.
2019-10-18 00: 52: 23 > Done running local_init_op.
2019-10-18 00: 52: 23 > Done running local_init_op.
2019-10-18 00: 52: 47 > Saving checkpoints for 1101 into model_dir/v5_0_1_810_nh/kospi200f_2day_a0.5b0.1_T_20191018003003\model.ckpt.
2019-10-18 00: 52: 47 > Saving checkpoints for 1101 into model_dir/v5_0_1_810_nh/kospi200f_2day_a0.5b0.1_T_20191018003003\model.ckpt.
2019-10-18 00: 53: 45 > loss = 4.635526, step = 1102
2019-10-18 00: 53: 45 > loss = 4.635526, step = 1102
2019-10-18 00: 55: 21 > global_step/sec: 1.03443
2019-10-18 00: 55: 21 > global_step/sec: 1.03443
2019-10-18 00: 55: 21 > loss = -9.393523, step = 1202 (96.687 sec)
2019-10-18 00: 55: 21 > loss = -9.393523, step = 1202 (96.687 sec)
2019-10-18 00: 56: 06 > global_step/sec: 2.22068
2019-10-18 00: 56: 06 > global_step/sec: 2.22068
2019-10-18 00: 56: 06 > loss = -7.4155087, step = 1302 (45.016 sec)
2019-10-18 00: 56: 06 > loss = -7.4155087, step = 1302 (45.016 sec)
2019-10-18 00: 56: 51 > Saving checkpoints for 1401 into model_dir/v5_0_1_810_nh/kospi200f_2day_a0.5b0.1_T_20191018003003\model.ckpt.
2019-10-18 00: 56: 51 > Saving checkpoints for 1401 into model_dir/v5_0_1_810_nh/kospi200f_2day_a0.5b0.1_T_20191018003003\model.ckpt.
2019-10-18 00: 56: 58 > Loss for final step: -8.516085.
2019-10-18 00: 56: 58 > Loss for final step: -8.516085.
2019-10-18 00: 57: 35 > Calling model_fn.
2019-10-18 00: 57: 35 > Calling model_fn.
2019-10-18 00: 57: 36 > Done calling model_fn.
2019-10-18 00: 57: 36 > Done calling model_fn.
2019-10-18 00: 57: 36 > Graph was finalized.
2019-10-18 00: 57: 36 > Graph was finalized.
2019-10-18 00: 57: 36 > Restoring parameters from model_dir/v5_0_1_810_nh/kospi200f_2day_a0.5b0.1_T_20191018003003\model.ckpt-1401
2019-10-18 00: 57: 36 > Restoring parameters from model_dir/v5_0_1_810_nh/kospi200f_2day_a0.5b0.1_T_20191018003003\model.ckpt-1401
2019-10-18 00: 57: 36 > Running local_init_op.
2019-10-18 00: 57: 36 > Running local_init_op.
2019-10-18 00: 57: 36 > Done running local_init_op.
2019-10-18 00: 57: 36 > Done running local_init_op.
2019-10-18 00: 57: 41 > accuracy: 0.47279920870425324, down accuracy: 0.5207877461706784, acc with interval: 0.35079051383399207

2019-10-18 00: 57: 41 > accuracy: 0.47279920870425324, down accuracy: 0.5207877461706784, acc with interval: 0.35079051383399207

2019-10-18 00: 57: 41 > 
 avg_profit, avg_loss, max_profit, max_loss
3.0777196652719674,-3.1127340823970036,17.94999999999999,-17.700000000000017
2019-10-18 00: 57: 41 > 
 avg_profit, avg_loss, max_profit, max_loss
3.0777196652719674,-3.1127340823970036,17.94999999999999,-17.700000000000017
2019-10-18 00: 57: 42 > train: 2006-01--01~2011-02-16
2019-10-18 00: 57: 42 > train: 2006-01--01~2011-02-16
2019-10-18 00: 57: 42 > test: 2011-02-17~2012-03-05
2019-10-18 00: 57: 42 > test: 2011-02-17~2012-03-05
2019-10-18 00: 57: 44 > Calling model_fn.
2019-10-18 00: 57: 44 > Calling model_fn.
2019-10-18 00: 58: 22 > Done calling model_fn.
2019-10-18 00: 58: 22 > Done calling model_fn.
2019-10-18 00: 58: 22 > Create CheckpointSaverHook.
2019-10-18 00: 58: 22 > Create CheckpointSaverHook.
2019-10-18 00: 58: 22 > Graph was finalized.
2019-10-18 00: 58: 22 > Graph was finalized.
2019-10-18 00: 58: 22 > Restoring parameters from model_dir/v5_0_1_810_nh/kospi200f_2day_a0.5b0.1_T_20191018003003\model.ckpt-1401
2019-10-18 00: 58: 22 > Restoring parameters from model_dir/v5_0_1_810_nh/kospi200f_2day_a0.5b0.1_T_20191018003003\model.ckpt-1401
2019-10-18 00: 58: 24 > Running local_init_op.
2019-10-18 00: 58: 24 > Running local_init_op.
2019-10-18 00: 58: 24 > Done running local_init_op.
2019-10-18 00: 58: 24 > Done running local_init_op.
2019-10-18 00: 58: 47 > Saving checkpoints for 1401 into model_dir/v5_0_1_810_nh/kospi200f_2day_a0.5b0.1_T_20191018003003\model.ckpt.
2019-10-18 00: 58: 47 > Saving checkpoints for 1401 into model_dir/v5_0_1_810_nh/kospi200f_2day_a0.5b0.1_T_20191018003003\model.ckpt.
2019-10-18 00: 59: 45 > loss = -9.80744, step = 1402
2019-10-18 00: 59: 45 > loss = -9.80744, step = 1402
2019-10-18 01: 01: 23 > global_step/sec: 1.01943
2019-10-18 01: 01: 23 > global_step/sec: 1.01943
2019-10-18 01: 01: 23 > loss = -4.5431585, step = 1502 (98.094 sec)
2019-10-18 01: 01: 23 > loss = -4.5431585, step = 1502 (98.094 sec)
2019-10-18 01: 02: 08 > global_step/sec: 2.22686
2019-10-18 01: 02: 08 > global_step/sec: 2.22686
2019-10-18 01: 02: 08 > loss = -7.759191, step = 1602 (44.906 sec)
2019-10-18 01: 02: 08 > loss = -7.759191, step = 1602 (44.906 sec)
2019-10-18 01: 02: 52 > Saving checkpoints for 1701 into model_dir/v5_0_1_810_nh/kospi200f_2day_a0.5b0.1_T_20191018003003\model.ckpt.
2019-10-18 01: 02: 52 > Saving checkpoints for 1701 into model_dir/v5_0_1_810_nh/kospi200f_2day_a0.5b0.1_T_20191018003003\model.ckpt.
2019-10-18 01: 02: 59 > Loss for final step: -7.5513244.
2019-10-18 01: 02: 59 > Loss for final step: -7.5513244.
2019-10-18 01: 03: 37 > Calling model_fn.
2019-10-18 01: 03: 37 > Calling model_fn.
2019-10-18 01: 03: 38 > Done calling model_fn.
2019-10-18 01: 03: 38 > Done calling model_fn.
2019-10-18 01: 03: 39 > Graph was finalized.
2019-10-18 01: 03: 39 > Graph was finalized.
2019-10-18 01: 03: 39 > Restoring parameters from model_dir/v5_0_1_810_nh/kospi200f_2day_a0.5b0.1_T_20191018003003\model.ckpt-1701
2019-10-18 01: 03: 39 > Restoring parameters from model_dir/v5_0_1_810_nh/kospi200f_2day_a0.5b0.1_T_20191018003003\model.ckpt-1701
2019-10-18 01: 03: 39 > Running local_init_op.
2019-10-18 01: 03: 39 > Running local_init_op.
2019-10-18 01: 03: 39 > Done running local_init_op.
2019-10-18 01: 03: 39 > Done running local_init_op.
2019-10-18 01: 03: 44 > accuracy: 0.468503937007874, down accuracy: 0.5042735042735043, acc with interval: 0.34461054287962234

2019-10-18 01: 03: 44 > accuracy: 0.468503937007874, down accuracy: 0.5042735042735043, acc with interval: 0.34461054287962234

2019-10-18 01: 03: 44 > 
 avg_profit, avg_loss, max_profit, max_loss
3.201680672268908,-3.282100591715976,20.25,-17.700000000000017
2019-10-18 01: 03: 44 > 
 avg_profit, avg_loss, max_profit, max_loss
3.201680672268908,-3.282100591715976,20.25,-17.700000000000017
2019-10-18 01: 03: 45 > train: 2006-01--01~2012-03-05
2019-10-18 01: 03: 45 > train: 2006-01--01~2012-03-05
2019-10-18 01: 03: 45 > test: 2012-03-06~2013-03-22
2019-10-18 01: 03: 45 > test: 2012-03-06~2013-03-22
2019-10-18 01: 03: 47 > Calling model_fn.
2019-10-18 01: 03: 47 > Calling model_fn.
2019-10-18 01: 04: 23 > Done calling model_fn.
2019-10-18 01: 04: 23 > Done calling model_fn.
2019-10-18 01: 04: 23 > Create CheckpointSaverHook.
2019-10-18 01: 04: 23 > Create CheckpointSaverHook.
2019-10-18 01: 04: 24 > Graph was finalized.
2019-10-18 01: 04: 24 > Graph was finalized.
2019-10-18 01: 04: 24 > Restoring parameters from model_dir/v5_0_1_810_nh/kospi200f_2day_a0.5b0.1_T_20191018003003\model.ckpt-1701
2019-10-18 01: 04: 24 > Restoring parameters from model_dir/v5_0_1_810_nh/kospi200f_2day_a0.5b0.1_T_20191018003003\model.ckpt-1701
2019-10-18 01: 04: 26 > Running local_init_op.
2019-10-18 01: 04: 26 > Running local_init_op.
2019-10-18 01: 04: 26 > Done running local_init_op.
2019-10-18 01: 04: 26 > Done running local_init_op.
2019-10-18 01: 04: 50 > Saving checkpoints for 1701 into model_dir/v5_0_1_810_nh/kospi200f_2day_a0.5b0.1_T_20191018003003\model.ckpt.
2019-10-18 01: 04: 50 > Saving checkpoints for 1701 into model_dir/v5_0_1_810_nh/kospi200f_2day_a0.5b0.1_T_20191018003003\model.ckpt.
2019-10-18 01: 05: 47 > loss = 16.550209, step = 1702
2019-10-18 01: 05: 47 > loss = 16.550209, step = 1702
2019-10-18 01: 07: 24 > global_step/sec: 1.03226
2019-10-18 01: 07: 24 > global_step/sec: 1.03226
2019-10-18 01: 07: 24 > loss = -5.2796183, step = 1802 (96.875 sec)
2019-10-18 01: 07: 24 > loss = -5.2796183, step = 1802 (96.875 sec)
2019-10-18 01: 08: 09 > global_step/sec: 2.21837
2019-10-18 01: 08: 09 > global_step/sec: 2.21837
2019-10-18 01: 08: 09 > loss = -6.7178535, step = 1902 (45.078 sec)
2019-10-18 01: 08: 09 > loss = -6.7178535, step = 1902 (45.078 sec)
2019-10-18 01: 08: 54 > Saving checkpoints for 2001 into model_dir/v5_0_1_810_nh/kospi200f_2day_a0.5b0.1_T_20191018003003\model.ckpt.
2019-10-18 01: 08: 54 > Saving checkpoints for 2001 into model_dir/v5_0_1_810_nh/kospi200f_2day_a0.5b0.1_T_20191018003003\model.ckpt.
2019-10-18 01: 09: 01 > Loss for final step: -6.261557.
2019-10-18 01: 09: 01 > Loss for final step: -6.261557.
2019-10-18 01: 09: 40 > Calling model_fn.
2019-10-18 01: 09: 40 > Calling model_fn.
2019-10-18 01: 09: 40 > Done calling model_fn.
2019-10-18 01: 09: 40 > Done calling model_fn.
2019-10-18 01: 09: 40 > Graph was finalized.
2019-10-18 01: 09: 40 > Graph was finalized.
2019-10-18 01: 09: 40 > Restoring parameters from model_dir/v5_0_1_810_nh/kospi200f_2day_a0.5b0.1_T_20191018003003\model.ckpt-2001
2019-10-18 01: 09: 40 > Restoring parameters from model_dir/v5_0_1_810_nh/kospi200f_2day_a0.5b0.1_T_20191018003003\model.ckpt-2001
2019-10-18 01: 09: 40 > Running local_init_op.
2019-10-18 01: 09: 40 > Running local_init_op.
2019-10-18 01: 09: 40 > Done running local_init_op.
2019-10-18 01: 09: 40 > Done running local_init_op.
2019-10-18 01: 09: 46 > accuracy: 0.4734426229508197, down accuracy: 0.47711511789181693, acc with interval: 0.3440366972477064

2019-10-18 01: 09: 46 > accuracy: 0.4734426229508197, down accuracy: 0.47711511789181693, acc with interval: 0.3440366972477064

2019-10-18 01: 09: 46 > 
 avg_profit, avg_loss, max_profit, max_loss
3.039473684210526,-3.157089552238806,20.25,-17.700000000000017
2019-10-18 01: 09: 46 > 
 avg_profit, avg_loss, max_profit, max_loss
3.039473684210526,-3.157089552238806,20.25,-17.700000000000017
2019-10-18 01: 09: 47 > train: 2006-01--01~2013-03-22
2019-10-18 01: 09: 47 > train: 2006-01--01~2013-03-22
2019-10-18 01: 09: 47 > test: 2013-03-25~2014-04-11
2019-10-18 01: 09: 47 > test: 2013-03-25~2014-04-11
2019-10-18 01: 09: 48 > Calling model_fn.
2019-10-18 01: 09: 48 > Calling model_fn.
2019-10-18 01: 10: 26 > Done calling model_fn.
2019-10-18 01: 10: 26 > Done calling model_fn.
2019-10-18 01: 10: 26 > Create CheckpointSaverHook.
2019-10-18 01: 10: 26 > Create CheckpointSaverHook.
2019-10-18 01: 10: 26 > Graph was finalized.
2019-10-18 01: 10: 26 > Graph was finalized.
2019-10-18 01: 10: 26 > Restoring parameters from model_dir/v5_0_1_810_nh/kospi200f_2day_a0.5b0.1_T_20191018003003\model.ckpt-2001
2019-10-18 01: 10: 26 > Restoring parameters from model_dir/v5_0_1_810_nh/kospi200f_2day_a0.5b0.1_T_20191018003003\model.ckpt-2001
2019-10-18 01: 10: 29 > Running local_init_op.
2019-10-18 01: 10: 29 > Running local_init_op.
2019-10-18 01: 10: 29 > Done running local_init_op.
2019-10-18 01: 10: 29 > Done running local_init_op.
2019-10-18 01: 10: 53 > Saving checkpoints for 2001 into model_dir/v5_0_1_810_nh/kospi200f_2day_a0.5b0.1_T_20191018003003\model.ckpt.
2019-10-18 01: 10: 53 > Saving checkpoints for 2001 into model_dir/v5_0_1_810_nh/kospi200f_2day_a0.5b0.1_T_20191018003003\model.ckpt.
2019-10-18 01: 11: 51 > loss = 2.6460054, step = 2002
2019-10-18 01: 11: 51 > loss = 2.6460054, step = 2002
2019-10-18 01: 13: 30 > global_step/sec: 1.00518
2019-10-18 01: 13: 30 > global_step/sec: 1.00518
2019-10-18 01: 13: 30 > loss = -5.3373737, step = 2102 (99.484 sec)
2019-10-18 01: 13: 30 > loss = -5.3373737, step = 2102 (99.484 sec)
2019-10-18 01: 14: 15 > global_step/sec: 2.2069
2019-10-18 01: 14: 15 > global_step/sec: 2.2069
2019-10-18 01: 14: 15 > loss = -7.1614156, step = 2202 (45.312 sec)
2019-10-18 01: 14: 15 > loss = -7.1614156, step = 2202 (45.312 sec)
2019-10-18 01: 15: 00 > Saving checkpoints for 2301 into model_dir/v5_0_1_810_nh/kospi200f_2day_a0.5b0.1_T_20191018003003\model.ckpt.
2019-10-18 01: 15: 00 > Saving checkpoints for 2301 into model_dir/v5_0_1_810_nh/kospi200f_2day_a0.5b0.1_T_20191018003003\model.ckpt.
2019-10-18 01: 15: 08 > Loss for final step: -7.3684072.
2019-10-18 01: 15: 08 > Loss for final step: -7.3684072.
2019-10-18 01: 15: 47 > Calling model_fn.
2019-10-18 01: 15: 47 > Calling model_fn.
2019-10-18 01: 15: 47 > Done calling model_fn.
2019-10-18 01: 15: 47 > Done calling model_fn.
2019-10-18 01: 15: 47 > Graph was finalized.
2019-10-18 01: 15: 47 > Graph was finalized.
2019-10-18 01: 15: 47 > Restoring parameters from model_dir/v5_0_1_810_nh/kospi200f_2day_a0.5b0.1_T_20191018003003\model.ckpt-2301
2019-10-18 01: 15: 47 > Restoring parameters from model_dir/v5_0_1_810_nh/kospi200f_2day_a0.5b0.1_T_20191018003003\model.ckpt-2301
2019-10-18 01: 15: 47 > Running local_init_op.
2019-10-18 01: 15: 47 > Running local_init_op.
2019-10-18 01: 15: 47 > Done running local_init_op.
2019-10-18 01: 15: 47 > Done running local_init_op.
2019-10-18 01: 15: 53 > accuracy: 0.4755755193711398, down accuracy: 0.4694610778443114, acc with interval: 0.34287317620650953

2019-10-18 01: 15: 53 > accuracy: 0.4755755193711398, down accuracy: 0.4694610778443114, acc with interval: 0.34287317620650953

2019-10-18 01: 15: 53 > 
 avg_profit, avg_loss, max_profit, max_loss
2.9291617473435654,-3.044385026737968,20.25,-17.700000000000017
2019-10-18 01: 15: 53 > 
 avg_profit, avg_loss, max_profit, max_loss
2.9291617473435654,-3.044385026737968,20.25,-17.700000000000017
2019-10-18 01: 15: 54 > train: 2006-01--01~2014-04-11
2019-10-18 01: 15: 54 > train: 2006-01--01~2014-04-11
2019-10-18 01: 15: 54 > test: 2014-04-14~2015-05-08
2019-10-18 01: 15: 54 > test: 2014-04-14~2015-05-08
2019-10-18 01: 15: 56 > Calling model_fn.
2019-10-18 01: 15: 56 > Calling model_fn.
2019-10-18 01: 16: 34 > Done calling model_fn.
2019-10-18 01: 16: 34 > Done calling model_fn.
2019-10-18 01: 16: 34 > Create CheckpointSaverHook.
2019-10-18 01: 16: 34 > Create CheckpointSaverHook.
2019-10-18 01: 16: 34 > Graph was finalized.
2019-10-18 01: 16: 34 > Graph was finalized.
2019-10-18 01: 16: 34 > Restoring parameters from model_dir/v5_0_1_810_nh/kospi200f_2day_a0.5b0.1_T_20191018003003\model.ckpt-2301
2019-10-18 01: 16: 34 > Restoring parameters from model_dir/v5_0_1_810_nh/kospi200f_2day_a0.5b0.1_T_20191018003003\model.ckpt-2301
2019-10-18 01: 16: 36 > Running local_init_op.
2019-10-18 01: 16: 36 > Running local_init_op.
2019-10-18 01: 16: 37 > Done running local_init_op.
2019-10-18 01: 16: 37 > Done running local_init_op.
2019-10-18 01: 17: 01 > Saving checkpoints for 2301 into model_dir/v5_0_1_810_nh/kospi200f_2day_a0.5b0.1_T_20191018003003\model.ckpt.
2019-10-18 01: 17: 01 > Saving checkpoints for 2301 into model_dir/v5_0_1_810_nh/kospi200f_2day_a0.5b0.1_T_20191018003003\model.ckpt.
2019-10-18 01: 17: 59 > loss = 0.7254781, step = 2302
2019-10-18 01: 17: 59 > loss = 0.7254781, step = 2302
2019-10-18 01: 19: 37 > global_step/sec: 1.01234
2019-10-18 01: 19: 37 > global_step/sec: 1.01234
2019-10-18 01: 19: 37 > loss = -7.5020905, step = 2402 (98.781 sec)
2019-10-18 01: 19: 37 > loss = -7.5020905, step = 2402 (98.781 sec)
2019-10-18 01: 20: 23 > global_step/sec: 2.19479
2019-10-18 01: 20: 23 > global_step/sec: 2.19479
2019-10-18 01: 20: 23 > loss = -7.4977074, step = 2502 (45.562 sec)
2019-10-18 01: 20: 23 > loss = -7.4977074, step = 2502 (45.562 sec)
2019-10-18 01: 21: 08 > Saving checkpoints for 2601 into model_dir/v5_0_1_810_nh/kospi200f_2day_a0.5b0.1_T_20191018003003\model.ckpt.
2019-10-18 01: 21: 08 > Saving checkpoints for 2601 into model_dir/v5_0_1_810_nh/kospi200f_2day_a0.5b0.1_T_20191018003003\model.ckpt.
2019-10-18 01: 21: 16 > Loss for final step: -6.332411.
2019-10-18 01: 21: 16 > Loss for final step: -6.332411.
2019-10-18 01: 21: 56 > Calling model_fn.
2019-10-18 01: 21: 56 > Calling model_fn.
2019-10-18 01: 21: 56 > Done calling model_fn.
2019-10-18 01: 21: 56 > Done calling model_fn.
2019-10-18 01: 21: 57 > Graph was finalized.
2019-10-18 01: 21: 57 > Graph was finalized.
2019-10-18 01: 21: 57 > Restoring parameters from model_dir/v5_0_1_810_nh/kospi200f_2day_a0.5b0.1_T_20191018003003\model.ckpt-2601
2019-10-18 01: 21: 57 > Restoring parameters from model_dir/v5_0_1_810_nh/kospi200f_2day_a0.5b0.1_T_20191018003003\model.ckpt-2601
2019-10-18 01: 21: 57 > Running local_init_op.
2019-10-18 01: 21: 57 > Running local_init_op.
2019-10-18 01: 21: 57 > Done running local_init_op.
2019-10-18 01: 21: 57 > Done running local_init_op.
2019-10-18 01: 22: 02 > accuracy: 0.4823008849557522, down accuracy: 0.4875259875259875, acc with interval: 0.3434889434889435

2019-10-18 01: 22: 02 > accuracy: 0.4823008849557522, down accuracy: 0.4875259875259875, acc with interval: 0.3434889434889435

2019-10-18 01: 22: 02 > 
 avg_profit, avg_loss, max_profit, max_loss
2.766666666666667,-2.894924098671726,20.25,-17.700000000000017
2019-10-18 01: 22: 02 > 
 avg_profit, avg_loss, max_profit, max_loss
2.766666666666667,-2.894924098671726,20.25,-17.700000000000017
2019-10-18 01: 22: 03 > train: 2006-01--01~2015-05-08
2019-10-18 01: 22: 03 > train: 2006-01--01~2015-05-08
2019-10-18 01: 22: 03 > test: 2015-05-11~2016-05-30
2019-10-18 01: 22: 03 > test: 2015-05-11~2016-05-30
2019-10-18 01: 22: 06 > Calling model_fn.
2019-10-18 01: 22: 06 > Calling model_fn.
2019-10-18 01: 22: 44 > Done calling model_fn.
2019-10-18 01: 22: 44 > Done calling model_fn.
2019-10-18 01: 22: 44 > Create CheckpointSaverHook.
2019-10-18 01: 22: 44 > Create CheckpointSaverHook.
2019-10-18 01: 22: 44 > Graph was finalized.
2019-10-18 01: 22: 44 > Graph was finalized.
2019-10-18 01: 22: 44 > Restoring parameters from model_dir/v5_0_1_810_nh/kospi200f_2day_a0.5b0.1_T_20191018003003\model.ckpt-2601
2019-10-18 01: 22: 44 > Restoring parameters from model_dir/v5_0_1_810_nh/kospi200f_2day_a0.5b0.1_T_20191018003003\model.ckpt-2601
2019-10-18 01: 22: 46 > Running local_init_op.
2019-10-18 01: 22: 46 > Running local_init_op.
2019-10-18 01: 22: 47 > Done running local_init_op.
2019-10-18 01: 22: 47 > Done running local_init_op.
2019-10-18 01: 23: 11 > Saving checkpoints for 2601 into model_dir/v5_0_1_810_nh/kospi200f_2day_a0.5b0.1_T_20191018003003\model.ckpt.
2019-10-18 01: 23: 11 > Saving checkpoints for 2601 into model_dir/v5_0_1_810_nh/kospi200f_2day_a0.5b0.1_T_20191018003003\model.ckpt.
2019-10-18 01: 24: 10 > loss = -2.4971905, step = 2602
2019-10-18 01: 24: 10 > loss = -2.4971905, step = 2602
2019-10-18 01: 25: 48 > global_step/sec: 1.017
2019-10-18 01: 25: 48 > global_step/sec: 1.017
2019-10-18 01: 25: 48 > loss = -5.156528, step = 2702 (98.328 sec)
2019-10-18 01: 25: 48 > loss = -5.156528, step = 2702 (98.328 sec)
2019-10-18 01: 26: 33 > global_step/sec: 2.20158
2019-10-18 01: 26: 33 > global_step/sec: 2.20158
2019-10-18 01: 26: 33 > loss = -7.4198523, step = 2802 (45.422 sec)
2019-10-18 01: 26: 33 > loss = -7.4198523, step = 2802 (45.422 sec)
2019-10-18 01: 27: 19 > Saving checkpoints for 2901 into model_dir/v5_0_1_810_nh/kospi200f_2day_a0.5b0.1_T_20191018003003\model.ckpt.
2019-10-18 01: 27: 19 > Saving checkpoints for 2901 into model_dir/v5_0_1_810_nh/kospi200f_2day_a0.5b0.1_T_20191018003003\model.ckpt.
2019-10-18 01: 27: 26 > Loss for final step: -5.743648.
2019-10-18 01: 27: 26 > Loss for final step: -5.743648.
2019-10-18 01: 28: 07 > Calling model_fn.
2019-10-18 01: 28: 07 > Calling model_fn.
2019-10-18 01: 28: 07 > Done calling model_fn.
2019-10-18 01: 28: 07 > Done calling model_fn.
2019-10-18 01: 28: 07 > Graph was finalized.
2019-10-18 01: 28: 07 > Graph was finalized.
2019-10-18 01: 28: 07 > Restoring parameters from model_dir/v5_0_1_810_nh/kospi200f_2day_a0.5b0.1_T_20191018003003\model.ckpt-2901
2019-10-18 01: 28: 07 > Restoring parameters from model_dir/v5_0_1_810_nh/kospi200f_2day_a0.5b0.1_T_20191018003003\model.ckpt-2901
2019-10-18 01: 28: 07 > Running local_init_op.
2019-10-18 01: 28: 07 > Running local_init_op.
2019-10-18 01: 28: 07 > Done running local_init_op.
2019-10-18 01: 28: 07 > Done running local_init_op.
2019-10-18 01: 28: 13 > accuracy: 0.4851528384279476, down accuracy: 0.4807692307692308, acc with interval: 0.3465735486687036

2019-10-18 01: 28: 13 > accuracy: 0.4851528384279476, down accuracy: 0.4807692307692308, acc with interval: 0.3465735486687036

2019-10-18 01: 28: 13 > 
 avg_profit, avg_loss, max_profit, max_loss
2.714941494149415,-2.794025423728813,20.25,-17.700000000000017
2019-10-18 01: 28: 13 > 
 avg_profit, avg_loss, max_profit, max_loss
2.714941494149415,-2.794025423728813,20.25,-17.700000000000017
2019-10-18 01: 28: 14 > train: 2006-01--01~2016-05-30
2019-10-18 01: 28: 14 > train: 2006-01--01~2016-05-30
2019-10-18 01: 28: 14 > test: 2016-05-31~2017-06-20
2019-10-18 01: 28: 14 > test: 2016-05-31~2017-06-20
2019-10-18 01: 28: 16 > Calling model_fn.
2019-10-18 01: 28: 16 > Calling model_fn.
2019-10-18 01: 28: 54 > Done calling model_fn.
2019-10-18 01: 28: 54 > Done calling model_fn.
2019-10-18 01: 28: 54 > Create CheckpointSaverHook.
2019-10-18 01: 28: 54 > Create CheckpointSaverHook.
2019-10-18 01: 28: 55 > Graph was finalized.
2019-10-18 01: 28: 55 > Graph was finalized.
2019-10-18 01: 28: 55 > Restoring parameters from model_dir/v5_0_1_810_nh/kospi200f_2day_a0.5b0.1_T_20191018003003\model.ckpt-2901
2019-10-18 01: 28: 55 > Restoring parameters from model_dir/v5_0_1_810_nh/kospi200f_2day_a0.5b0.1_T_20191018003003\model.ckpt-2901
2019-10-18 01: 28: 57 > Running local_init_op.
2019-10-18 01: 28: 57 > Running local_init_op.
2019-10-18 01: 28: 58 > Done running local_init_op.
2019-10-18 01: 28: 58 > Done running local_init_op.
2019-10-18 01: 29: 22 > Saving checkpoints for 2901 into model_dir/v5_0_1_810_nh/kospi200f_2day_a0.5b0.1_T_20191018003003\model.ckpt.
2019-10-18 01: 29: 22 > Saving checkpoints for 2901 into model_dir/v5_0_1_810_nh/kospi200f_2day_a0.5b0.1_T_20191018003003\model.ckpt.
2019-10-18 01: 30: 21 > loss = 1.112372, step = 2902
2019-10-18 01: 30: 21 > loss = 1.112372, step = 2902
2019-10-18 01: 31: 59 > global_step/sec: 1.02155
2019-10-18 01: 31: 59 > global_step/sec: 1.02155
2019-10-18 01: 31: 59 > loss = -5.2254496, step = 3002 (97.891 sec)
2019-10-18 01: 31: 59 > loss = -5.2254496, step = 3002 (97.891 sec)
2019-10-18 01: 32: 45 > global_step/sec: 2.20083
2019-10-18 01: 32: 45 > global_step/sec: 2.20083
2019-10-18 01: 32: 45 > loss = -3.2475748, step = 3102 (45.437 sec)
2019-10-18 01: 32: 45 > loss = -3.2475748, step = 3102 (45.437 sec)
2019-10-18 01: 33: 29 > Saving checkpoints for 3201 into model_dir/v5_0_1_810_nh/kospi200f_2day_a0.5b0.1_T_20191018003003\model.ckpt.
2019-10-18 01: 33: 29 > Saving checkpoints for 3201 into model_dir/v5_0_1_810_nh/kospi200f_2day_a0.5b0.1_T_20191018003003\model.ckpt.
2019-10-18 01: 33: 37 > Loss for final step: -7.3432307.
2019-10-18 01: 33: 37 > Loss for final step: -7.3432307.
2019-10-18 01: 34: 18 > Calling model_fn.
2019-10-18 01: 34: 18 > Calling model_fn.
2019-10-18 01: 34: 18 > Done calling model_fn.
2019-10-18 01: 34: 18 > Done calling model_fn.
2019-10-18 01: 34: 18 > Graph was finalized.
2019-10-18 01: 34: 18 > Graph was finalized.
2019-10-18 01: 34: 18 > Restoring parameters from model_dir/v5_0_1_810_nh/kospi200f_2day_a0.5b0.1_T_20191018003003\model.ckpt-3201
2019-10-18 01: 34: 18 > Restoring parameters from model_dir/v5_0_1_810_nh/kospi200f_2day_a0.5b0.1_T_20191018003003\model.ckpt-3201
2019-10-18 01: 34: 18 > Running local_init_op.
2019-10-18 01: 34: 18 > Running local_init_op.
2019-10-18 01: 34: 18 > Done running local_init_op.
2019-10-18 01: 34: 18 > Done running local_init_op.
2019-10-18 01: 34: 24 > accuracy: 0.48564687377113647, down accuracy: 0.4882747068676717, acc with interval: 0.34709119496855345

2019-10-18 01: 34: 24 > accuracy: 0.48564687377113647, down accuracy: 0.4882747068676717, acc with interval: 0.34709119496855345

2019-10-18 01: 34: 24 > 
 avg_profit, avg_loss, max_profit, max_loss
2.599109311740891,-2.7073720397249805,20.25,-17.700000000000017
2019-10-18 01: 34: 24 > 
 avg_profit, avg_loss, max_profit, max_loss
2.599109311740891,-2.7073720397249805,20.25,-17.700000000000017
2019-10-18 01: 34: 25 > train: 2006-01--01~2017-06-20
2019-10-18 01: 34: 25 > train: 2006-01--01~2017-06-20
2019-10-18 01: 34: 25 > test: 2017-06-21~2018-07-16
2019-10-18 01: 34: 25 > test: 2017-06-21~2018-07-16
2019-10-18 01: 34: 28 > Calling model_fn.
2019-10-18 01: 34: 28 > Calling model_fn.
2019-10-18 01: 35: 06 > Done calling model_fn.
2019-10-18 01: 35: 06 > Done calling model_fn.
2019-10-18 01: 35: 06 > Create CheckpointSaverHook.
2019-10-18 01: 35: 06 > Create CheckpointSaverHook.
2019-10-18 01: 35: 06 > Graph was finalized.
2019-10-18 01: 35: 06 > Graph was finalized.
2019-10-18 01: 35: 06 > Restoring parameters from model_dir/v5_0_1_810_nh/kospi200f_2day_a0.5b0.1_T_20191018003003\model.ckpt-3201
2019-10-18 01: 35: 06 > Restoring parameters from model_dir/v5_0_1_810_nh/kospi200f_2day_a0.5b0.1_T_20191018003003\model.ckpt-3201
2019-10-18 01: 35: 08 > Running local_init_op.
2019-10-18 01: 35: 08 > Running local_init_op.
2019-10-18 01: 35: 09 > Done running local_init_op.
2019-10-18 01: 35: 09 > Done running local_init_op.
2019-10-18 01: 35: 34 > Saving checkpoints for 3201 into model_dir/v5_0_1_810_nh/kospi200f_2day_a0.5b0.1_T_20191018003003\model.ckpt.
2019-10-18 01: 35: 34 > Saving checkpoints for 3201 into model_dir/v5_0_1_810_nh/kospi200f_2day_a0.5b0.1_T_20191018003003\model.ckpt.
2019-10-18 01: 36: 33 > loss = -8.72369, step = 3202
2019-10-18 01: 36: 33 > loss = -8.72369, step = 3202
2019-10-18 01: 38: 11 > global_step/sec: 1.01442
2019-10-18 01: 38: 11 > global_step/sec: 1.01442
2019-10-18 01: 38: 11 > loss = -6.4515395, step = 3302 (98.594 sec)
2019-10-18 01: 38: 11 > loss = -6.4515395, step = 3302 (98.594 sec)
2019-10-18 01: 38: 57 > global_step/sec: 2.1978
2019-10-18 01: 38: 57 > global_step/sec: 2.1978
2019-10-18 01: 38: 57 > loss = -4.962153, step = 3402 (45.484 sec)
2019-10-18 01: 38: 57 > loss = -4.962153, step = 3402 (45.484 sec)
2019-10-18 01: 39: 42 > Saving checkpoints for 3501 into model_dir/v5_0_1_810_nh/kospi200f_2day_a0.5b0.1_T_20191018003003\model.ckpt.
2019-10-18 01: 39: 42 > Saving checkpoints for 3501 into model_dir/v5_0_1_810_nh/kospi200f_2day_a0.5b0.1_T_20191018003003\model.ckpt.
2019-10-18 01: 39: 50 > Loss for final step: -7.2711797.
2019-10-18 01: 39: 50 > Loss for final step: -7.2711797.
2019-10-18 01: 40: 32 > Calling model_fn.
2019-10-18 01: 40: 32 > Calling model_fn.
2019-10-18 01: 40: 32 > Done calling model_fn.
2019-10-18 01: 40: 32 > Done calling model_fn.
2019-10-18 01: 40: 32 > Graph was finalized.
2019-10-18 01: 40: 32 > Graph was finalized.
2019-10-18 01: 40: 32 > Restoring parameters from model_dir/v5_0_1_810_nh/kospi200f_2day_a0.5b0.1_T_20191018003003\model.ckpt-3501
2019-10-18 01: 40: 32 > Restoring parameters from model_dir/v5_0_1_810_nh/kospi200f_2day_a0.5b0.1_T_20191018003003\model.ckpt-3501
2019-10-18 01: 40: 32 > Running local_init_op.
2019-10-18 01: 40: 32 > Running local_init_op.
2019-10-18 01: 40: 32 > Done running local_init_op.
2019-10-18 01: 40: 32 > Done running local_init_op.
2019-10-18 01: 40: 38 > accuracy: 0.48678571428571427, down accuracy: 0.4852830188679245, acc with interval: 0.34808996786861834

2019-10-18 01: 40: 38 > accuracy: 0.48678571428571427, down accuracy: 0.4852830188679245, acc with interval: 0.34808996786861834

2019-10-18 01: 40: 38 > 
 avg_profit, avg_loss, max_profit, max_loss
2.6082171680117394,-2.705841446453407,20.25,-17.700000000000017
2019-10-18 01: 40: 38 > 
 avg_profit, avg_loss, max_profit, max_loss
2.6082171680117394,-2.705841446453407,20.25,-17.700000000000017
2019-10-18 01: 40: 39 > train: 2006-01--01~2018-07-16
2019-10-18 01: 40: 39 > train: 2006-01--01~2018-07-16
2019-10-18 01: 40: 39 > test: 2018-07-17~2018-12-26
2019-10-18 01: 40: 39 > test: 2018-07-17~2018-12-26
2019-10-18 01: 40: 42 > Calling model_fn.
2019-10-18 01: 40: 42 > Calling model_fn.
2019-10-18 01: 41: 20 > Done calling model_fn.
2019-10-18 01: 41: 20 > Done calling model_fn.
2019-10-18 01: 41: 20 > Create CheckpointSaverHook.
2019-10-18 01: 41: 20 > Create CheckpointSaverHook.
2019-10-18 01: 41: 20 > Graph was finalized.
2019-10-18 01: 41: 20 > Graph was finalized.
2019-10-18 01: 41: 20 > Restoring parameters from model_dir/v5_0_1_810_nh/kospi200f_2day_a0.5b0.1_T_20191018003003\model.ckpt-3501
2019-10-18 01: 41: 20 > Restoring parameters from model_dir/v5_0_1_810_nh/kospi200f_2day_a0.5b0.1_T_20191018003003\model.ckpt-3501
2019-10-18 01: 41: 23 > Running local_init_op.
2019-10-18 01: 41: 23 > Running local_init_op.
2019-10-18 01: 41: 23 > Done running local_init_op.
2019-10-18 01: 41: 23 > Done running local_init_op.
2019-10-18 01: 41: 48 > Saving checkpoints for 3501 into model_dir/v5_0_1_810_nh/kospi200f_2day_a0.5b0.1_T_20191018003003\model.ckpt.
2019-10-18 01: 41: 48 > Saving checkpoints for 3501 into model_dir/v5_0_1_810_nh/kospi200f_2day_a0.5b0.1_T_20191018003003\model.ckpt.
2019-10-18 01: 42: 47 > loss = -5.2333703, step = 3502
2019-10-18 01: 42: 47 > loss = -5.2333703, step = 3502
2019-10-18 01: 44: 25 > global_step/sec: 1.01911
2019-10-18 01: 44: 25 > global_step/sec: 1.01911
2019-10-18 01: 44: 25 > loss = -5.4400992, step = 3602 (98.125 sec)
2019-10-18 01: 44: 25 > loss = -5.4400992, step = 3602 (98.125 sec)
2019-10-18 01: 45: 10 > global_step/sec: 2.19328
2019-10-18 01: 45: 10 > global_step/sec: 2.19328
2019-10-18 01: 45: 10 > loss = -3.7622676, step = 3702 (45.594 sec)
2019-10-18 01: 45: 10 > loss = -3.7622676, step = 3702 (45.594 sec)
2019-10-18 01: 45: 55 > Saving checkpoints for 3801 into model_dir/v5_0_1_810_nh/kospi200f_2day_a0.5b0.1_T_20191018003003\model.ckpt.
2019-10-18 01: 45: 55 > Saving checkpoints for 3801 into model_dir/v5_0_1_810_nh/kospi200f_2day_a0.5b0.1_T_20191018003003\model.ckpt.
2019-10-18 01: 46: 03 > Loss for final step: -6.5955324.
2019-10-18 01: 46: 03 > Loss for final step: -6.5955324.
2019-10-18 01: 46: 22 > Calling model_fn.
2019-10-18 01: 46: 22 > Calling model_fn.
2019-10-18 01: 46: 22 > Done calling model_fn.
2019-10-18 01: 46: 22 > Done calling model_fn.
2019-10-18 01: 46: 22 > Graph was finalized.
2019-10-18 01: 46: 22 > Graph was finalized.
2019-10-18 01: 46: 22 > Restoring parameters from model_dir/v5_0_1_810_nh/kospi200f_2day_a0.5b0.1_T_20191018003003\model.ckpt-3801
2019-10-18 01: 46: 22 > Restoring parameters from model_dir/v5_0_1_810_nh/kospi200f_2day_a0.5b0.1_T_20191018003003\model.ckpt-3801
2019-10-18 01: 46: 22 > Running local_init_op.
2019-10-18 01: 46: 22 > Running local_init_op.
2019-10-18 01: 46: 22 > Done running local_init_op.
2019-10-18 01: 46: 22 > Done running local_init_op.
2019-10-18 01: 46: 24 > accuracy: 0.4898590580955655, down accuracy: 0.48953068592057764, acc with interval: 0.3515463917525773

2019-10-18 01: 46: 24 > accuracy: 0.4898590580955655, down accuracy: 0.48953068592057764, acc with interval: 0.3515463917525773

2019-10-18 01: 46: 24 > 
 avg_profit, avg_loss, max_profit, max_loss
2.6149473684210527,-2.6812794612794604,20.25,-17.700000000000017
2019-10-18 01: 46: 24 > 
 avg_profit, avg_loss, max_profit, max_loss
2.6149473684210527,-2.6812794612794604,20.25,-17.700000000000017
2019-10-18 01: 46: 24 > 2019 10 18 01 46 24
2019-10-18 01: 46: 24 > 2019 10 18 01 46 24
2019-10-18 01: 46: 24 > ====================== gradual train end #0 ===========================
2019-10-18 01: 46: 24 > ====================== gradual train end #0 ===========================
2019-10-18 01: 46: 24 > 2019 10 18 01 46 24
2019-10-18 01: 46: 24 > 2019 10 18 01 46 24
2019-10-18 01: 46: 24 > ======================no-ensemble train-predict end, saving the results ===========================
2019-10-18 01: 46: 24 > ======================no-ensemble train-predict end, saving the results ===========================
2019-10-18 06: 50: 52 > train term 1:2000-02-01~2018-12-31
2019-10-18 06: 50: 52 > train term 2:2006-01--01~2006-12-31
2019-10-18 06: 50: 52 > 2019 10 18 06 50 52
2019-10-18 06: 50: 52 > ======================no-ensemble train-predict start ===========================
2019-10-18 06: 50: 52 > Using config: {'_model_dir': 'model_dir/v5_0_1_810_nh/kospi200f_2day_a0.5b0.1_T_20191018065052', '_tf_random_seed': None, '_save_summary_steps': 100, '_save_checkpoints_steps': None, '_save_checkpoints_secs': 1200, '_session_config': allow_soft_placement: true
graph_options {
  rewrite_options {
    meta_optimizer_iterations: ONE
  }
}
, '_keep_checkpoint_max': 1, '_keep_checkpoint_every_n_hours': 10000, '_log_step_count_steps': 100, '_train_distribute': None, '_device_fn': None, '_protocol': None, '_eval_distribute': None, '_experimental_distribute': None, '_service': None, '_cluster_spec': <tensorflow.python.training.server_lib.ClusterSpec object at 0x000001E8803FF208>, '_task_type': 'worker', '_task_id': 0, '_global_id_in_cluster': 0, '_master': '', '_evaluation_master': '', '_is_chief': True, '_num_ps_replicas': 0, '_num_worker_replicas': 1}
2019-10-18 06: 50: 52 > model created: model_dir/v5_0_1_810_nh/kospi200f_2day_a0.5b0.1_T_20191018065052
2019-10-18 06: 50: 52 > 2019 10 18 06 50 52
2019-10-18 06: 50: 52 > 2019 10 18 06 50 52
2019-10-18 06: 50: 52 > ====================== gradual train start #0 ===========================
2019-10-18 06: 50: 52 > ====================== gradual train start #0 ===========================
2019-10-18 06: 50: 54 > From C:\Users\user\Anaconda3\envs\tensorflow\lib\site-packages\tensorflow\python\estimator\inputs\queues\feeding_queue_runner.py:62: QueueRunner.__init__ (from tensorflow.python.training.queue_runner_impl) is deprecated and will be removed in a future version.
Instructions for updating:
To construct input pipelines, use the `tf.data` module.
2019-10-18 06: 50: 54 > From C:\Users\user\Anaconda3\envs\tensorflow\lib\site-packages\tensorflow\python\estimator\inputs\queues\feeding_queue_runner.py:62: QueueRunner.__init__ (from tensorflow.python.training.queue_runner_impl) is deprecated and will be removed in a future version.
Instructions for updating:
To construct input pipelines, use the `tf.data` module.
2019-10-18 06: 50: 54 > From C:\Users\user\Anaconda3\envs\tensorflow\lib\site-packages\tensorflow\python\estimator\inputs\queues\feeding_functions.py:500: add_queue_runner (from tensorflow.python.training.queue_runner_impl) is deprecated and will be removed in a future version.
Instructions for updating:
To construct input pipelines, use the `tf.data` module.
2019-10-18 06: 50: 54 > From C:\Users\user\Anaconda3\envs\tensorflow\lib\site-packages\tensorflow\python\estimator\inputs\queues\feeding_functions.py:500: add_queue_runner (from tensorflow.python.training.queue_runner_impl) is deprecated and will be removed in a future version.
Instructions for updating:
To construct input pipelines, use the `tf.data` module.
2019-10-18 06: 50: 54 > Calling model_fn.
2019-10-18 06: 50: 54 > Calling model_fn.
2019-10-18 06: 51: 35 > Done calling model_fn.
2019-10-18 06: 51: 35 > Done calling model_fn.
2019-10-18 06: 51: 35 > Create CheckpointSaverHook.
2019-10-18 06: 51: 35 > Create CheckpointSaverHook.
2019-10-18 06: 51: 43 > Graph was finalized.
2019-10-18 06: 51: 43 > Graph was finalized.
2019-10-18 06: 51: 46 > Running local_init_op.
2019-10-18 06: 51: 46 > Running local_init_op.
2019-10-18 06: 51: 46 > Done running local_init_op.
2019-10-18 06: 51: 46 > Done running local_init_op.
2019-10-18 06: 51: 47 > From C:\Users\user\Anaconda3\envs\tensorflow\lib\site-packages\tensorflow\python\training\monitored_session.py:804: start_queue_runners (from tensorflow.python.training.queue_runner_impl) is deprecated and will be removed in a future version.
Instructions for updating:
To construct input pipelines, use the `tf.data` module.
2019-10-18 06: 51: 47 > From C:\Users\user\Anaconda3\envs\tensorflow\lib\site-packages\tensorflow\python\training\monitored_session.py:804: start_queue_runners (from tensorflow.python.training.queue_runner_impl) is deprecated and will be removed in a future version.
Instructions for updating:
To construct input pipelines, use the `tf.data` module.
2019-10-18 06: 52: 09 > Saving checkpoints for 0 into model_dir/v5_0_1_810_nh/kospi200f_2day_a0.5b0.1_T_20191018065052\model.ckpt.
2019-10-18 06: 52: 09 > Saving checkpoints for 0 into model_dir/v5_0_1_810_nh/kospi200f_2day_a0.5b0.1_T_20191018065052\model.ckpt.
2019-10-18 06: 53: 06 > loss = 8.712332, step = 1
2019-10-18 06: 53: 06 > loss = 8.712332, step = 1
2019-10-18 06: 53: 06 > Saving checkpoints for 1 into model_dir/v5_0_1_810_nh/kospi200f_2day_a0.5b0.1_T_20191018065052\model.ckpt.
2019-10-18 06: 53: 06 > Saving checkpoints for 1 into model_dir/v5_0_1_810_nh/kospi200f_2day_a0.5b0.1_T_20191018065052\model.ckpt.
2019-10-18 06: 53: 12 > Loss for final step: 8.712332.
2019-10-18 06: 53: 12 > Loss for final step: 8.712332.
2019-10-18 06: 53: 12 > train: 2006-01--01~2006-12-26
2019-10-18 06: 53: 12 > train: 2006-01--01~2006-12-26
2019-10-18 06: 53: 12 > test: 2006-12-26~2007-12-26
2019-10-18 06: 53: 12 > test: 2006-12-26~2007-12-26
2019-10-18 06: 53: 12 > Calling model_fn.
2019-10-18 06: 53: 12 > Calling model_fn.
2019-10-18 06: 53: 50 > Done calling model_fn.
2019-10-18 06: 53: 50 > Done calling model_fn.
2019-10-18 06: 53: 50 > Create CheckpointSaverHook.
2019-10-18 06: 53: 50 > Create CheckpointSaverHook.
2019-10-18 06: 53: 50 > Graph was finalized.
2019-10-18 06: 53: 50 > Graph was finalized.
2019-10-18 06: 53: 50 > Restoring parameters from model_dir/v5_0_1_810_nh/kospi200f_2day_a0.5b0.1_T_20191018065052\model.ckpt-1
2019-10-18 06: 53: 50 > Restoring parameters from model_dir/v5_0_1_810_nh/kospi200f_2day_a0.5b0.1_T_20191018065052\model.ckpt-1
2019-10-18 06: 53: 52 > Running local_init_op.
2019-10-18 06: 53: 52 > Running local_init_op.
2019-10-18 06: 53: 52 > Done running local_init_op.
2019-10-18 06: 53: 52 > Done running local_init_op.
2019-10-18 06: 54: 16 > Saving checkpoints for 1 into model_dir/v5_0_1_810_nh/kospi200f_2day_a0.5b0.1_T_20191018065052\model.ckpt.
2019-10-18 06: 54: 16 > Saving checkpoints for 1 into model_dir/v5_0_1_810_nh/kospi200f_2day_a0.5b0.1_T_20191018065052\model.ckpt.
2019-10-18 06: 55: 13 > loss = 7.8639836, step = 2
2019-10-18 06: 55: 13 > loss = 7.8639836, step = 2
2019-10-18 06: 56: 49 > global_step/sec: 1.04235
2019-10-18 06: 56: 49 > global_step/sec: 1.04235
2019-10-18 06: 56: 49 > loss = -6.7669835, step = 102 (95.938 sec)
2019-10-18 06: 56: 49 > loss = -6.7669835, step = 102 (95.938 sec)
2019-10-18 06: 57: 33 > global_step/sec: 2.23464
2019-10-18 06: 57: 33 > global_step/sec: 2.23464
2019-10-18 06: 57: 33 > loss = -5.772199, step = 202 (44.766 sec)
2019-10-18 06: 57: 33 > loss = -5.772199, step = 202 (44.766 sec)
2019-10-18 06: 58: 18 > global_step/sec: 2.23542
2019-10-18 06: 58: 18 > global_step/sec: 2.23542
2019-10-18 06: 58: 18 > loss = -5.8253126, step = 302 (44.719 sec)
2019-10-18 06: 58: 18 > loss = -5.8253126, step = 302 (44.719 sec)
2019-10-18 06: 59: 03 > global_step/sec: 2.23698
2019-10-18 06: 59: 03 > global_step/sec: 2.23698
2019-10-18 06: 59: 03 > loss = -5.9827185, step = 402 (44.719 sec)
2019-10-18 06: 59: 03 > loss = -5.9827185, step = 402 (44.719 sec)
2019-10-18 06: 59: 47 > Saving checkpoints for 501 into model_dir/v5_0_1_810_nh/kospi200f_2day_a0.5b0.1_T_20191018065052\model.ckpt.
2019-10-18 06: 59: 47 > Saving checkpoints for 501 into model_dir/v5_0_1_810_nh/kospi200f_2day_a0.5b0.1_T_20191018065052\model.ckpt.
2019-10-18 06: 59: 54 > Loss for final step: -6.332915.
2019-10-18 06: 59: 54 > Loss for final step: -6.332915.
2019-10-18 07: 00: 28 > Calling model_fn.
2019-10-18 07: 00: 28 > Calling model_fn.
2019-10-18 07: 00: 28 > Done calling model_fn.
2019-10-18 07: 00: 28 > Done calling model_fn.
2019-10-18 07: 00: 28 > Graph was finalized.
2019-10-18 07: 00: 28 > Graph was finalized.
2019-10-18 07: 00: 28 > Restoring parameters from model_dir/v5_0_1_810_nh/kospi200f_2day_a0.5b0.1_T_20191018065052\model.ckpt-501
2019-10-18 07: 00: 28 > Restoring parameters from model_dir/v5_0_1_810_nh/kospi200f_2day_a0.5b0.1_T_20191018065052\model.ckpt-501
2019-10-18 07: 00: 28 > Running local_init_op.
2019-10-18 07: 00: 28 > Running local_init_op.
2019-10-18 07: 00: 28 > Done running local_init_op.
2019-10-18 07: 00: 28 > Done running local_init_op.
2019-10-18 07: 00: 33 > accuracy: 0.41422594142259417, down accuracy: 0.5454545454545454, acc with interval: 0.31666666666666665

2019-10-18 07: 00: 33 > accuracy: 0.41422594142259417, down accuracy: 0.5454545454545454, acc with interval: 0.31666666666666665

2019-10-18 07: 00: 33 > 
 avg_profit, avg_loss, max_profit, max_loss
3.123557692307693,-3.1415441176470598,17.94999999999999,-15.950000000000017
2019-10-18 07: 00: 33 > 
 avg_profit, avg_loss, max_profit, max_loss
3.123557692307693,-3.1415441176470598,17.94999999999999,-15.950000000000017
2019-10-18 07: 00: 34 > train: 2006-01--01~2007-12-26
2019-10-18 07: 00: 34 > train: 2006-01--01~2007-12-26
2019-10-18 07: 00: 34 > test: 2007-12-27~2009-01-16
2019-10-18 07: 00: 34 > test: 2007-12-27~2009-01-16
2019-10-18 07: 00: 35 > Calling model_fn.
2019-10-18 07: 00: 35 > Calling model_fn.
2019-10-18 07: 01: 12 > Done calling model_fn.
2019-10-18 07: 01: 12 > Done calling model_fn.
2019-10-18 07: 01: 12 > Create CheckpointSaverHook.
2019-10-18 07: 01: 12 > Create CheckpointSaverHook.
2019-10-18 07: 01: 12 > Graph was finalized.
2019-10-18 07: 01: 12 > Graph was finalized.
2019-10-18 07: 01: 12 > Restoring parameters from model_dir/v5_0_1_810_nh/kospi200f_2day_a0.5b0.1_T_20191018065052\model.ckpt-501
2019-10-18 07: 01: 12 > Restoring parameters from model_dir/v5_0_1_810_nh/kospi200f_2day_a0.5b0.1_T_20191018065052\model.ckpt-501
2019-10-18 07: 01: 14 > Running local_init_op.
2019-10-18 07: 01: 14 > Running local_init_op.
2019-10-18 07: 01: 15 > Done running local_init_op.
2019-10-18 07: 01: 15 > Done running local_init_op.
2019-10-18 07: 01: 38 > Saving checkpoints for 501 into model_dir/v5_0_1_810_nh/kospi200f_2day_a0.5b0.1_T_20191018065052\model.ckpt.
2019-10-18 07: 01: 38 > Saving checkpoints for 501 into model_dir/v5_0_1_810_nh/kospi200f_2day_a0.5b0.1_T_20191018065052\model.ckpt.
2019-10-18 07: 02: 36 > loss = 19.46004, step = 502
2019-10-18 07: 02: 36 > loss = 19.46004, step = 502
2019-10-18 07: 04: 13 > global_step/sec: 1.03309
2019-10-18 07: 04: 13 > global_step/sec: 1.03309
2019-10-18 07: 04: 13 > loss = -7.10574, step = 602 (96.797 sec)
2019-10-18 07: 04: 13 > loss = -7.10574, step = 602 (96.797 sec)
2019-10-18 07: 04: 57 > global_step/sec: 2.23698
2019-10-18 07: 04: 57 > global_step/sec: 2.23698
2019-10-18 07: 04: 57 > loss = -6.3375483, step = 702 (44.703 sec)
2019-10-18 07: 04: 57 > loss = -6.3375483, step = 702 (44.703 sec)
2019-10-18 07: 05: 42 > Saving checkpoints for 801 into model_dir/v5_0_1_810_nh/kospi200f_2day_a0.5b0.1_T_20191018065052\model.ckpt.
2019-10-18 07: 05: 42 > Saving checkpoints for 801 into model_dir/v5_0_1_810_nh/kospi200f_2day_a0.5b0.1_T_20191018065052\model.ckpt.
2019-10-18 07: 05: 48 > Loss for final step: -6.8247647.
2019-10-18 07: 05: 48 > Loss for final step: -6.8247647.
2019-10-18 07: 06: 24 > Calling model_fn.
2019-10-18 07: 06: 24 > Calling model_fn.
2019-10-18 07: 06: 24 > Done calling model_fn.
2019-10-18 07: 06: 24 > Done calling model_fn.
2019-10-18 07: 06: 24 > Graph was finalized.
2019-10-18 07: 06: 24 > Graph was finalized.
2019-10-18 07: 06: 24 > Restoring parameters from model_dir/v5_0_1_810_nh/kospi200f_2day_a0.5b0.1_T_20191018065052\model.ckpt-801
2019-10-18 07: 06: 24 > Restoring parameters from model_dir/v5_0_1_810_nh/kospi200f_2day_a0.5b0.1_T_20191018065052\model.ckpt-801
2019-10-18 07: 06: 24 > Running local_init_op.
2019-10-18 07: 06: 24 > Running local_init_op.
2019-10-18 07: 06: 24 > Done running local_init_op.
2019-10-18 07: 06: 24 > Done running local_init_op.
2019-10-18 07: 06: 30 > accuracy: 0.45252525252525255, down accuracy: 0.48945147679324896, acc with interval: 0.33669354838709675

2019-10-18 07: 06: 30 > accuracy: 0.45252525252525255, down accuracy: 0.48945147679324896, acc with interval: 0.33669354838709675

2019-10-18 07: 06: 30 > 
 avg_profit, avg_loss, max_profit, max_loss
3.6094827586206906,-3.4901515151515152,17.94999999999999,-15.950000000000017
2019-10-18 07: 06: 30 > 
 avg_profit, avg_loss, max_profit, max_loss
3.6094827586206906,-3.4901515151515152,17.94999999999999,-15.950000000000017
2019-10-18 07: 06: 31 > train: 2006-01--01~2009-01-16
2019-10-18 07: 06: 31 > train: 2006-01--01~2009-01-16
2019-10-18 07: 06: 31 > test: 2009-01-19~2010-01-28
2019-10-18 07: 06: 31 > test: 2009-01-19~2010-01-28
2019-10-18 07: 06: 32 > Calling model_fn.
2019-10-18 07: 06: 32 > Calling model_fn.
2019-10-18 07: 07: 09 > Done calling model_fn.
2019-10-18 07: 07: 09 > Done calling model_fn.
2019-10-18 07: 07: 09 > Create CheckpointSaverHook.
2019-10-18 07: 07: 09 > Create CheckpointSaverHook.
2019-10-18 07: 07: 09 > Graph was finalized.
2019-10-18 07: 07: 09 > Graph was finalized.
2019-10-18 07: 07: 09 > Restoring parameters from model_dir/v5_0_1_810_nh/kospi200f_2day_a0.5b0.1_T_20191018065052\model.ckpt-801
2019-10-18 07: 07: 09 > Restoring parameters from model_dir/v5_0_1_810_nh/kospi200f_2day_a0.5b0.1_T_20191018065052\model.ckpt-801
2019-10-18 07: 07: 11 > Running local_init_op.
2019-10-18 07: 07: 11 > Running local_init_op.
2019-10-18 07: 07: 12 > Done running local_init_op.
2019-10-18 07: 07: 12 > Done running local_init_op.
2019-10-18 07: 07: 35 > Saving checkpoints for 801 into model_dir/v5_0_1_810_nh/kospi200f_2day_a0.5b0.1_T_20191018065052\model.ckpt.
2019-10-18 07: 07: 35 > Saving checkpoints for 801 into model_dir/v5_0_1_810_nh/kospi200f_2day_a0.5b0.1_T_20191018065052\model.ckpt.
2019-10-18 07: 08: 33 > loss = 14.460465, step = 802
2019-10-18 07: 08: 33 > loss = 14.460465, step = 802
2019-10-18 07: 10: 12 > global_step/sec: 1.00803
2019-10-18 07: 10: 12 > global_step/sec: 1.00803
2019-10-18 07: 10: 12 > loss = -11.521609, step = 902 (99.203 sec)
2019-10-18 07: 10: 12 > loss = -11.521609, step = 902 (99.203 sec)
2019-10-18 07: 11: 00 > global_step/sec: 2.07477
2019-10-18 07: 11: 00 > global_step/sec: 2.07477
2019-10-18 07: 11: 00 > loss = -8.6233835, step = 1002 (48.198 sec)
2019-10-18 07: 11: 00 > loss = -8.6233835, step = 1002 (48.198 sec)
2019-10-18 07: 11: 47 > Saving checkpoints for 1101 into model_dir/v5_0_1_810_nh/kospi200f_2day_a0.5b0.1_T_20191018065052\model.ckpt.
2019-10-18 07: 11: 47 > Saving checkpoints for 1101 into model_dir/v5_0_1_810_nh/kospi200f_2day_a0.5b0.1_T_20191018065052\model.ckpt.
2019-10-18 07: 11: 53 > Loss for final step: -10.265312.
2019-10-18 07: 11: 53 > Loss for final step: -10.265312.
2019-10-18 07: 12: 30 > Calling model_fn.
2019-10-18 07: 12: 30 > Calling model_fn.
2019-10-18 07: 12: 30 > Done calling model_fn.
2019-10-18 07: 12: 30 > Done calling model_fn.
2019-10-18 07: 12: 30 > Graph was finalized.
2019-10-18 07: 12: 30 > Graph was finalized.
2019-10-18 07: 12: 30 > Restoring parameters from model_dir/v5_0_1_810_nh/kospi200f_2day_a0.5b0.1_T_20191018065052\model.ckpt-1101
2019-10-18 07: 12: 30 > Restoring parameters from model_dir/v5_0_1_810_nh/kospi200f_2day_a0.5b0.1_T_20191018065052\model.ckpt-1101
2019-10-18 07: 12: 30 > Running local_init_op.
2019-10-18 07: 12: 30 > Running local_init_op.
2019-10-18 07: 12: 30 > Done running local_init_op.
2019-10-18 07: 12: 30 > Done running local_init_op.
2019-10-18 07: 12: 36 > accuracy: 0.48468708388814913, down accuracy: 0.5350140056022409, acc with interval: 0.3484042553191489

2019-10-18 07: 12: 36 > accuracy: 0.48468708388814913, down accuracy: 0.5350140056022409, acc with interval: 0.3484042553191489

2019-10-18 07: 12: 36 > 
 avg_profit, avg_loss, max_profit, max_loss
3.2436997319034857,-3.3153034300791555,17.94999999999999,-15.950000000000017
2019-10-18 07: 12: 36 > 
 avg_profit, avg_loss, max_profit, max_loss
3.2436997319034857,-3.3153034300791555,17.94999999999999,-15.950000000000017
2019-10-18 07: 12: 37 > train: 2006-01--01~2010-01-28
2019-10-18 07: 12: 37 > train: 2006-01--01~2010-01-28
2019-10-18 07: 12: 37 > test: 2010-01-29~2011-02-16
2019-10-18 07: 12: 37 > test: 2010-01-29~2011-02-16
2019-10-18 07: 12: 38 > Calling model_fn.
2019-10-18 07: 12: 38 > Calling model_fn.
2019-10-18 07: 13: 15 > Done calling model_fn.
2019-10-18 07: 13: 15 > Done calling model_fn.
2019-10-18 07: 13: 15 > Create CheckpointSaverHook.
2019-10-18 07: 13: 15 > Create CheckpointSaverHook.
2019-10-18 07: 13: 15 > Graph was finalized.
2019-10-18 07: 13: 15 > Graph was finalized.
2019-10-18 07: 13: 15 > Restoring parameters from model_dir/v5_0_1_810_nh/kospi200f_2day_a0.5b0.1_T_20191018065052\model.ckpt-1101
2019-10-18 07: 13: 15 > Restoring parameters from model_dir/v5_0_1_810_nh/kospi200f_2day_a0.5b0.1_T_20191018065052\model.ckpt-1101
2019-10-18 07: 13: 18 > Running local_init_op.
2019-10-18 07: 13: 18 > Running local_init_op.
2019-10-18 07: 13: 18 > Done running local_init_op.
2019-10-18 07: 13: 18 > Done running local_init_op.
2019-10-18 07: 13: 42 > Saving checkpoints for 1101 into model_dir/v5_0_1_810_nh/kospi200f_2day_a0.5b0.1_T_20191018065052\model.ckpt.
2019-10-18 07: 13: 42 > Saving checkpoints for 1101 into model_dir/v5_0_1_810_nh/kospi200f_2day_a0.5b0.1_T_20191018065052\model.ckpt.
2019-10-18 07: 14: 41 > loss = 2.092262, step = 1102
2019-10-18 07: 14: 41 > loss = 2.092262, step = 1102
2019-10-18 07: 16: 18 > global_step/sec: 1.03076
2019-10-18 07: 16: 18 > global_step/sec: 1.03076
2019-10-18 07: 16: 18 > loss = -7.3958626, step = 1202 (97.016 sec)
2019-10-18 07: 16: 18 > loss = -7.3958626, step = 1202 (97.016 sec)
2019-10-18 07: 17: 03 > global_step/sec: 2.21914
2019-10-18 07: 17: 03 > global_step/sec: 2.21914
2019-10-18 07: 17: 03 > loss = -6.3220997, step = 1302 (45.062 sec)
2019-10-18 07: 17: 03 > loss = -6.3220997, step = 1302 (45.062 sec)
2019-10-18 07: 17: 48 > Saving checkpoints for 1401 into model_dir/v5_0_1_810_nh/kospi200f_2day_a0.5b0.1_T_20191018065052\model.ckpt.
2019-10-18 07: 17: 48 > Saving checkpoints for 1401 into model_dir/v5_0_1_810_nh/kospi200f_2day_a0.5b0.1_T_20191018065052\model.ckpt.
2019-10-18 07: 17: 55 > Loss for final step: -6.606524.
2019-10-18 07: 17: 55 > Loss for final step: -6.606524.
2019-10-18 07: 18: 32 > Calling model_fn.
2019-10-18 07: 18: 32 > Calling model_fn.
2019-10-18 07: 18: 32 > Done calling model_fn.
2019-10-18 07: 18: 32 > Done calling model_fn.
2019-10-18 07: 18: 32 > Graph was finalized.
2019-10-18 07: 18: 32 > Graph was finalized.
2019-10-18 07: 18: 32 > Restoring parameters from model_dir/v5_0_1_810_nh/kospi200f_2day_a0.5b0.1_T_20191018065052\model.ckpt-1401
2019-10-18 07: 18: 32 > Restoring parameters from model_dir/v5_0_1_810_nh/kospi200f_2day_a0.5b0.1_T_20191018065052\model.ckpt-1401
2019-10-18 07: 18: 32 > Running local_init_op.
2019-10-18 07: 18: 32 > Running local_init_op.
2019-10-18 07: 18: 32 > Done running local_init_op.
2019-10-18 07: 18: 32 > Done running local_init_op.
2019-10-18 07: 18: 38 > accuracy: 0.4945273631840796, down accuracy: 0.5315904139433552, acc with interval: 0.3717693836978131

2019-10-18 07: 18: 38 > accuracy: 0.4945273631840796, down accuracy: 0.5315904139433552, acc with interval: 0.3717693836978131

2019-10-18 07: 18: 38 > 
 avg_profit, avg_loss, max_profit, max_loss
3.060214007782102,-3.0772357723577235,17.94999999999999,-15.950000000000017
2019-10-18 07: 18: 38 > 
 avg_profit, avg_loss, max_profit, max_loss
3.060214007782102,-3.0772357723577235,17.94999999999999,-15.950000000000017
2019-10-18 07: 18: 39 > train: 2006-01--01~2011-02-16
2019-10-18 07: 18: 39 > train: 2006-01--01~2011-02-16
2019-10-18 07: 18: 39 > test: 2011-02-17~2012-03-05
2019-10-18 07: 18: 39 > test: 2011-02-17~2012-03-05
2019-10-18 07: 18: 40 > Calling model_fn.
2019-10-18 07: 18: 40 > Calling model_fn.
2019-10-18 07: 19: 18 > Done calling model_fn.
2019-10-18 07: 19: 18 > Done calling model_fn.
2019-10-18 07: 19: 18 > Create CheckpointSaverHook.
2019-10-18 07: 19: 18 > Create CheckpointSaverHook.
2019-10-18 07: 19: 18 > Graph was finalized.
2019-10-18 07: 19: 18 > Graph was finalized.
2019-10-18 07: 19: 18 > Restoring parameters from model_dir/v5_0_1_810_nh/kospi200f_2day_a0.5b0.1_T_20191018065052\model.ckpt-1401
2019-10-18 07: 19: 18 > Restoring parameters from model_dir/v5_0_1_810_nh/kospi200f_2day_a0.5b0.1_T_20191018065052\model.ckpt-1401
2019-10-18 07: 19: 20 > Running local_init_op.
2019-10-18 07: 19: 20 > Running local_init_op.
2019-10-18 07: 19: 21 > Done running local_init_op.
2019-10-18 07: 19: 21 > Done running local_init_op.
2019-10-18 07: 19: 44 > Saving checkpoints for 1401 into model_dir/v5_0_1_810_nh/kospi200f_2day_a0.5b0.1_T_20191018065052\model.ckpt.
2019-10-18 07: 19: 44 > Saving checkpoints for 1401 into model_dir/v5_0_1_810_nh/kospi200f_2day_a0.5b0.1_T_20191018065052\model.ckpt.
2019-10-18 07: 20: 42 > loss = -7.9882894, step = 1402
2019-10-18 07: 20: 42 > loss = -7.9882894, step = 1402
2019-10-18 07: 22: 19 > global_step/sec: 1.03292
2019-10-18 07: 22: 19 > global_step/sec: 1.03292
2019-10-18 07: 22: 19 > loss = -5.349975, step = 1502 (96.828 sec)
2019-10-18 07: 22: 19 > loss = -5.349975, step = 1502 (96.828 sec)
2019-10-18 07: 23: 04 > global_step/sec: 2.2153
2019-10-18 07: 23: 04 > global_step/sec: 2.2153
2019-10-18 07: 23: 04 > loss = -9.673705, step = 1602 (45.125 sec)
2019-10-18 07: 23: 04 > loss = -9.673705, step = 1602 (45.125 sec)
2019-10-18 07: 23: 49 > Saving checkpoints for 1701 into model_dir/v5_0_1_810_nh/kospi200f_2day_a0.5b0.1_T_20191018065052\model.ckpt.
2019-10-18 07: 23: 49 > Saving checkpoints for 1701 into model_dir/v5_0_1_810_nh/kospi200f_2day_a0.5b0.1_T_20191018065052\model.ckpt.
2019-10-18 07: 23: 56 > Loss for final step: -7.2975316.
2019-10-18 07: 23: 56 > Loss for final step: -7.2975316.
2019-10-18 07: 24: 34 > Calling model_fn.
2019-10-18 07: 24: 34 > Calling model_fn.
2019-10-18 07: 24: 34 > Done calling model_fn.
2019-10-18 07: 24: 34 > Done calling model_fn.
2019-10-18 07: 24: 34 > Graph was finalized.
2019-10-18 07: 24: 34 > Graph was finalized.
2019-10-18 07: 24: 34 > Restoring parameters from model_dir/v5_0_1_810_nh/kospi200f_2day_a0.5b0.1_T_20191018065052\model.ckpt-1701
2019-10-18 07: 24: 34 > Restoring parameters from model_dir/v5_0_1_810_nh/kospi200f_2day_a0.5b0.1_T_20191018065052\model.ckpt-1701
2019-10-18 07: 24: 34 > Running local_init_op.
2019-10-18 07: 24: 34 > Running local_init_op.
2019-10-18 07: 24: 34 > Done running local_init_op.
2019-10-18 07: 24: 34 > Done running local_init_op.
2019-10-18 07: 24: 40 > accuracy: 0.4825949367088608, down accuracy: 0.5051194539249146, acc with interval: 0.3715415019762846

2019-10-18 07: 24: 40 > accuracy: 0.4825949367088608, down accuracy: 0.5051194539249146, acc with interval: 0.3715415019762846

2019-10-18 07: 24: 40 > 
 avg_profit, avg_loss, max_profit, max_loss
3.304083204930664,-3.1460227272727264,20.25,-17.650000000000006
2019-10-18 07: 24: 40 > 
 avg_profit, avg_loss, max_profit, max_loss
3.304083204930664,-3.1460227272727264,20.25,-17.650000000000006
2019-10-18 07: 24: 41 > train: 2006-01--01~2012-03-05
2019-10-18 07: 24: 41 > train: 2006-01--01~2012-03-05
2019-10-18 07: 24: 41 > test: 2012-03-06~2013-03-22
2019-10-18 07: 24: 41 > test: 2012-03-06~2013-03-22
2019-10-18 07: 24: 43 > Calling model_fn.
2019-10-18 07: 24: 43 > Calling model_fn.
2019-10-18 07: 25: 21 > Done calling model_fn.
2019-10-18 07: 25: 21 > Done calling model_fn.
2019-10-18 07: 25: 21 > Create CheckpointSaverHook.
2019-10-18 07: 25: 21 > Create CheckpointSaverHook.
2019-10-18 07: 25: 21 > Graph was finalized.
2019-10-18 07: 25: 21 > Graph was finalized.
2019-10-18 07: 25: 21 > Restoring parameters from model_dir/v5_0_1_810_nh/kospi200f_2day_a0.5b0.1_T_20191018065052\model.ckpt-1701
2019-10-18 07: 25: 21 > Restoring parameters from model_dir/v5_0_1_810_nh/kospi200f_2day_a0.5b0.1_T_20191018065052\model.ckpt-1701
2019-10-18 07: 25: 24 > Running local_init_op.
2019-10-18 07: 25: 24 > Running local_init_op.
2019-10-18 07: 25: 24 > Done running local_init_op.
2019-10-18 07: 25: 24 > Done running local_init_op.
2019-10-18 07: 25: 48 > Saving checkpoints for 1701 into model_dir/v5_0_1_810_nh/kospi200f_2day_a0.5b0.1_T_20191018065052\model.ckpt.
2019-10-18 07: 25: 48 > Saving checkpoints for 1701 into model_dir/v5_0_1_810_nh/kospi200f_2day_a0.5b0.1_T_20191018065052\model.ckpt.
2019-10-18 07: 26: 46 > loss = 10.038976, step = 1702
2019-10-18 07: 26: 46 > loss = 10.038976, step = 1702
2019-10-18 07: 28: 25 > global_step/sec: 1.01186
2019-10-18 07: 28: 25 > global_step/sec: 1.01186
2019-10-18 07: 28: 25 > loss = -4.0055604, step = 1802 (98.828 sec)
2019-10-18 07: 28: 25 > loss = -4.0055604, step = 1802 (98.828 sec)
2019-10-18 07: 29: 10 > global_step/sec: 2.20614
2019-10-18 07: 29: 10 > global_step/sec: 2.20614
2019-10-18 07: 29: 10 > loss = -7.7994814, step = 1902 (45.328 sec)
2019-10-18 07: 29: 10 > loss = -7.7994814, step = 1902 (45.328 sec)
2019-10-18 07: 29: 55 > Saving checkpoints for 2001 into model_dir/v5_0_1_810_nh/kospi200f_2day_a0.5b0.1_T_20191018065052\model.ckpt.
2019-10-18 07: 29: 55 > Saving checkpoints for 2001 into model_dir/v5_0_1_810_nh/kospi200f_2day_a0.5b0.1_T_20191018065052\model.ckpt.
2019-10-18 07: 30: 02 > Loss for final step: -8.062983.
2019-10-18 07: 30: 02 > Loss for final step: -8.062983.
2019-10-18 07: 30: 41 > Calling model_fn.
2019-10-18 07: 30: 41 > Calling model_fn.
2019-10-18 07: 30: 41 > Done calling model_fn.
2019-10-18 07: 30: 41 > Done calling model_fn.
2019-10-18 07: 30: 41 > Graph was finalized.
2019-10-18 07: 30: 41 > Graph was finalized.
2019-10-18 07: 30: 41 > Restoring parameters from model_dir/v5_0_1_810_nh/kospi200f_2day_a0.5b0.1_T_20191018065052\model.ckpt-2001
2019-10-18 07: 30: 41 > Restoring parameters from model_dir/v5_0_1_810_nh/kospi200f_2day_a0.5b0.1_T_20191018065052\model.ckpt-2001
2019-10-18 07: 30: 41 > Running local_init_op.
2019-10-18 07: 30: 41 > Running local_init_op.
2019-10-18 07: 30: 41 > Done running local_init_op.
2019-10-18 07: 30: 41 > Done running local_init_op.
2019-10-18 07: 30: 47 > accuracy: 0.4789473684210526, down accuracy: 0.4723756906077348, acc with interval: 0.36620644312952005

2019-10-18 07: 30: 47 > accuracy: 0.4789473684210526, down accuracy: 0.4723756906077348, acc with interval: 0.36620644312952005

2019-10-18 07: 30: 47 > 
 avg_profit, avg_loss, max_profit, max_loss
3.1455958549222807,-3.022897196261682,20.25,-17.650000000000006
2019-10-18 07: 30: 47 > 
 avg_profit, avg_loss, max_profit, max_loss
3.1455958549222807,-3.022897196261682,20.25,-17.650000000000006
2019-10-18 07: 30: 48 > train: 2006-01--01~2013-03-22
2019-10-18 07: 30: 48 > train: 2006-01--01~2013-03-22
2019-10-18 07: 30: 48 > test: 2013-03-25~2014-04-11
2019-10-18 07: 30: 48 > test: 2013-03-25~2014-04-11
2019-10-18 07: 30: 50 > Calling model_fn.
2019-10-18 07: 30: 50 > Calling model_fn.
2019-10-18 07: 31: 27 > Done calling model_fn.
2019-10-18 07: 31: 27 > Done calling model_fn.
2019-10-18 07: 31: 27 > Create CheckpointSaverHook.
2019-10-18 07: 31: 27 > Create CheckpointSaverHook.
2019-10-18 07: 31: 27 > Graph was finalized.
2019-10-18 07: 31: 27 > Graph was finalized.
2019-10-18 07: 31: 27 > Restoring parameters from model_dir/v5_0_1_810_nh/kospi200f_2day_a0.5b0.1_T_20191018065052\model.ckpt-2001
2019-10-18 07: 31: 27 > Restoring parameters from model_dir/v5_0_1_810_nh/kospi200f_2day_a0.5b0.1_T_20191018065052\model.ckpt-2001
2019-10-18 07: 31: 29 > Running local_init_op.
2019-10-18 07: 31: 29 > Running local_init_op.
2019-10-18 07: 31: 30 > Done running local_init_op.
2019-10-18 07: 31: 30 > Done running local_init_op.
2019-10-18 07: 31: 54 > Saving checkpoints for 2001 into model_dir/v5_0_1_810_nh/kospi200f_2day_a0.5b0.1_T_20191018065052\model.ckpt.
2019-10-18 07: 31: 54 > Saving checkpoints for 2001 into model_dir/v5_0_1_810_nh/kospi200f_2day_a0.5b0.1_T_20191018065052\model.ckpt.
2019-10-18 07: 32: 52 > loss = 3.5444975, step = 2002
2019-10-18 07: 32: 52 > loss = 3.5444975, step = 2002
2019-10-18 07: 51: 35 > train term 1:2000-02-01~2018-12-31
2019-10-18 07: 51: 35 > train term 2:2006-01-01~2006-12-31
2019-10-18 07: 51: 35 > 2019 10 18 07 51 35
2019-10-18 07: 51: 35 > ======================no-ensemble train-predict start ===========================
2019-10-18 07: 51: 35 > Using config: {'_model_dir': 'model_dir/v5_0_1_810_nh/kospi200f_2day_a0.5b0.1_T_20191018075135', '_tf_random_seed': None, '_save_summary_steps': 100, '_save_checkpoints_steps': None, '_save_checkpoints_secs': 1200, '_session_config': allow_soft_placement: true
graph_options {
  rewrite_options {
    meta_optimizer_iterations: ONE
  }
}
, '_keep_checkpoint_max': 1, '_keep_checkpoint_every_n_hours': 10000, '_log_step_count_steps': 100, '_train_distribute': None, '_device_fn': None, '_protocol': None, '_eval_distribute': None, '_experimental_distribute': None, '_service': None, '_cluster_spec': <tensorflow.python.training.server_lib.ClusterSpec object at 0x000001B7F03E02E8>, '_task_type': 'worker', '_task_id': 0, '_global_id_in_cluster': 0, '_master': '', '_evaluation_master': '', '_is_chief': True, '_num_ps_replicas': 0, '_num_worker_replicas': 1}
2019-10-18 07: 51: 35 > model created: model_dir/v5_0_1_810_nh/kospi200f_2day_a0.5b0.1_T_20191018075135
2019-10-18 07: 51: 35 > 2019 10 18 07 51 35
2019-10-18 07: 51: 35 > 2019 10 18 07 51 35
2019-10-18 07: 51: 35 > ====================== gradual train start #0 ===========================
2019-10-18 07: 51: 35 > ====================== gradual train start #0 ===========================
2019-10-18 07: 52: 02 > train term 1:2000-02-01~2018-12-31
2019-10-18 07: 52: 02 > train term 2:2006-01-01~2006-12-31
2019-10-18 07: 52: 02 > 2019 10 18 07 52 02
2019-10-18 07: 52: 02 > ======================no-ensemble train-predict start ===========================
2019-10-18 07: 52: 02 > Using config: {'_model_dir': 'model_dir/v5_0_1_810_nh/kospi200f_2day_a0.5b0.1_T_20191018075202', '_tf_random_seed': None, '_save_summary_steps': 100, '_save_checkpoints_steps': None, '_save_checkpoints_secs': 1200, '_session_config': allow_soft_placement: true
graph_options {
  rewrite_options {
    meta_optimizer_iterations: ONE
  }
}
, '_keep_checkpoint_max': 1, '_keep_checkpoint_every_n_hours': 10000, '_log_step_count_steps': 100, '_train_distribute': None, '_device_fn': None, '_protocol': None, '_eval_distribute': None, '_experimental_distribute': None, '_service': None, '_cluster_spec': <tensorflow.python.training.server_lib.ClusterSpec object at 0x0000023C56D212E8>, '_task_type': 'worker', '_task_id': 0, '_global_id_in_cluster': 0, '_master': '', '_evaluation_master': '', '_is_chief': True, '_num_ps_replicas': 0, '_num_worker_replicas': 1}
2019-10-18 07: 52: 02 > model created: model_dir/v5_0_1_810_nh/kospi200f_2day_a0.5b0.1_T_20191018075202
2019-10-18 07: 52: 02 > 2019 10 18 07 52 02
2019-10-18 07: 52: 02 > 2019 10 18 07 52 02
2019-10-18 07: 52: 02 > ====================== gradual train start #0 ===========================
2019-10-18 07: 52: 02 > ====================== gradual train start #0 ===========================
2019-10-18 07: 52: 04 > From C:\Users\user\Anaconda3\envs\tensorflow\lib\site-packages\tensorflow\python\estimator\inputs\queues\feeding_queue_runner.py:62: QueueRunner.__init__ (from tensorflow.python.training.queue_runner_impl) is deprecated and will be removed in a future version.
Instructions for updating:
To construct input pipelines, use the `tf.data` module.
2019-10-18 07: 52: 04 > From C:\Users\user\Anaconda3\envs\tensorflow\lib\site-packages\tensorflow\python\estimator\inputs\queues\feeding_queue_runner.py:62: QueueRunner.__init__ (from tensorflow.python.training.queue_runner_impl) is deprecated and will be removed in a future version.
Instructions for updating:
To construct input pipelines, use the `tf.data` module.
2019-10-18 07: 52: 04 > From C:\Users\user\Anaconda3\envs\tensorflow\lib\site-packages\tensorflow\python\estimator\inputs\queues\feeding_functions.py:500: add_queue_runner (from tensorflow.python.training.queue_runner_impl) is deprecated and will be removed in a future version.
Instructions for updating:
To construct input pipelines, use the `tf.data` module.
2019-10-18 07: 52: 04 > From C:\Users\user\Anaconda3\envs\tensorflow\lib\site-packages\tensorflow\python\estimator\inputs\queues\feeding_functions.py:500: add_queue_runner (from tensorflow.python.training.queue_runner_impl) is deprecated and will be removed in a future version.
Instructions for updating:
To construct input pipelines, use the `tf.data` module.
2019-10-18 07: 52: 04 > Calling model_fn.
2019-10-18 07: 52: 04 > Calling model_fn.
2019-10-18 07: 52: 44 > Done calling model_fn.
2019-10-18 07: 52: 44 > Done calling model_fn.
2019-10-18 07: 52: 44 > Create CheckpointSaverHook.
2019-10-18 07: 52: 44 > Create CheckpointSaverHook.
2019-10-18 07: 52: 52 > Graph was finalized.
2019-10-18 07: 52: 52 > Graph was finalized.
2019-10-18 07: 52: 55 > Running local_init_op.
2019-10-18 07: 52: 55 > Running local_init_op.
2019-10-18 07: 52: 55 > Done running local_init_op.
2019-10-18 07: 52: 55 > Done running local_init_op.
2019-10-18 07: 52: 56 > From C:\Users\user\Anaconda3\envs\tensorflow\lib\site-packages\tensorflow\python\training\monitored_session.py:804: start_queue_runners (from tensorflow.python.training.queue_runner_impl) is deprecated and will be removed in a future version.
Instructions for updating:
To construct input pipelines, use the `tf.data` module.
2019-10-18 07: 52: 56 > From C:\Users\user\Anaconda3\envs\tensorflow\lib\site-packages\tensorflow\python\training\monitored_session.py:804: start_queue_runners (from tensorflow.python.training.queue_runner_impl) is deprecated and will be removed in a future version.
Instructions for updating:
To construct input pipelines, use the `tf.data` module.
2019-10-18 07: 53: 18 > Saving checkpoints for 0 into model_dir/v5_0_1_810_nh/kospi200f_2day_a0.5b0.1_T_20191018075202\model.ckpt.
2019-10-18 07: 53: 18 > Saving checkpoints for 0 into model_dir/v5_0_1_810_nh/kospi200f_2day_a0.5b0.1_T_20191018075202\model.ckpt.
2019-10-18 07: 54: 13 > loss = 9.152611, step = 1
2019-10-18 07: 54: 13 > loss = 9.152611, step = 1
2019-10-18 07: 54: 13 > Saving checkpoints for 1 into model_dir/v5_0_1_810_nh/kospi200f_2day_a0.5b0.1_T_20191018075202\model.ckpt.
2019-10-18 07: 54: 13 > Saving checkpoints for 1 into model_dir/v5_0_1_810_nh/kospi200f_2day_a0.5b0.1_T_20191018075202\model.ckpt.
2019-10-18 07: 54: 19 > Loss for final step: 9.152611.
2019-10-18 07: 54: 19 > Loss for final step: 9.152611.
2019-10-18 07: 54: 19 > train: 2006-01-01~2006-12-26
2019-10-18 07: 54: 19 > train: 2006-01-01~2006-12-26
2019-10-18 07: 54: 19 > test: 2006-12-26~2007-12-26
2019-10-18 07: 54: 19 > test: 2006-12-26~2007-12-26
2019-10-18 07: 54: 19 > Calling model_fn.
2019-10-18 07: 54: 19 > Calling model_fn.
2019-10-18 07: 54: 57 > Done calling model_fn.
2019-10-18 07: 54: 57 > Done calling model_fn.
2019-10-18 07: 54: 57 > Create CheckpointSaverHook.
2019-10-18 07: 54: 57 > Create CheckpointSaverHook.
2019-10-18 07: 54: 57 > Graph was finalized.
2019-10-18 07: 54: 57 > Graph was finalized.
2019-10-18 07: 54: 57 > Restoring parameters from model_dir/v5_0_1_810_nh/kospi200f_2day_a0.5b0.1_T_20191018075202\model.ckpt-1
2019-10-18 07: 54: 57 > Restoring parameters from model_dir/v5_0_1_810_nh/kospi200f_2day_a0.5b0.1_T_20191018075202\model.ckpt-1
2019-10-18 07: 54: 59 > Running local_init_op.
2019-10-18 07: 54: 59 > Running local_init_op.
2019-10-18 07: 55: 00 > Done running local_init_op.
2019-10-18 07: 55: 00 > Done running local_init_op.
2019-10-18 07: 55: 23 > Saving checkpoints for 1 into model_dir/v5_0_1_810_nh/kospi200f_2day_a0.5b0.1_T_20191018075202\model.ckpt.
2019-10-18 07: 55: 23 > Saving checkpoints for 1 into model_dir/v5_0_1_810_nh/kospi200f_2day_a0.5b0.1_T_20191018075202\model.ckpt.
2019-10-18 07: 56: 19 > loss = 8.93143, step = 2
2019-10-18 07: 56: 19 > loss = 8.93143, step = 2
2019-10-18 07: 57: 56 > global_step/sec: 1.03093
2019-10-18 07: 57: 56 > global_step/sec: 1.03093
2019-10-18 07: 57: 56 > loss = -5.2912455, step = 102 (97.000 sec)
2019-10-18 07: 57: 56 > loss = -5.2912455, step = 102 (97.000 sec)
2019-10-18 07: 58: 41 > global_step/sec: 2.24247
2019-10-18 07: 58: 41 > global_step/sec: 2.24247
2019-10-18 07: 58: 41 > loss = -5.301148, step = 202 (44.594 sec)
2019-10-18 07: 58: 41 > loss = -5.301148, step = 202 (44.594 sec)
2019-10-18 07: 59: 25 > global_step/sec: 2.23152
2019-10-18 07: 59: 25 > global_step/sec: 2.23152
2019-10-18 07: 59: 25 > loss = -6.1487513, step = 302 (44.812 sec)
2019-10-18 07: 59: 25 > loss = -6.1487513, step = 302 (44.812 sec)
2019-10-18 08: 00: 11 > global_step/sec: 2.21224
2019-10-18 08: 00: 11 > global_step/sec: 2.21224
2019-10-18 08: 00: 11 > loss = -6.1830945, step = 402 (45.203 sec)
2019-10-18 08: 00: 11 > loss = -6.1830945, step = 402 (45.203 sec)
2019-10-18 08: 00: 55 > Saving checkpoints for 501 into model_dir/v5_0_1_810_nh/kospi200f_2day_a0.5b0.1_T_20191018075202\model.ckpt.
2019-10-18 08: 00: 55 > Saving checkpoints for 501 into model_dir/v5_0_1_810_nh/kospi200f_2day_a0.5b0.1_T_20191018075202\model.ckpt.
2019-10-18 08: 01: 01 > Loss for final step: -6.0117536.
2019-10-18 08: 01: 01 > Loss for final step: -6.0117536.
2019-10-18 08: 01: 34 > Calling model_fn.
2019-10-18 08: 01: 34 > Calling model_fn.
2019-10-18 08: 01: 35 > Done calling model_fn.
2019-10-18 08: 01: 35 > Done calling model_fn.
2019-10-18 08: 01: 36 > Graph was finalized.
2019-10-18 08: 01: 36 > Graph was finalized.
2019-10-18 08: 01: 36 > Restoring parameters from model_dir/v5_0_1_810_nh/kospi200f_2day_a0.5b0.1_T_20191018075202\model.ckpt-501
2019-10-18 08: 01: 36 > Restoring parameters from model_dir/v5_0_1_810_nh/kospi200f_2day_a0.5b0.1_T_20191018075202\model.ckpt-501
2019-10-18 08: 01: 36 > Running local_init_op.
2019-10-18 08: 01: 36 > Running local_init_op.
2019-10-18 08: 01: 36 > Done running local_init_op.
2019-10-18 08: 01: 36 > Done running local_init_op.
2019-10-18 08: 01: 41 > accuracy: 0.40585774058577406, down accuracy: 0.5454545454545454, acc with interval: 0.275

2019-10-18 08: 01: 41 > accuracy: 0.40585774058577406, down accuracy: 0.5454545454545454, acc with interval: 0.275

2019-10-18 08: 01: 41 > 
 avg_profit, avg_loss, max_profit, max_loss
3.3695876288659794,-2.9737762237762246,17.94999999999999,-15.950000000000017
2019-10-18 08: 01: 41 > 
 avg_profit, avg_loss, max_profit, max_loss
3.3695876288659794,-2.9737762237762246,17.94999999999999,-15.950000000000017
2019-10-18 08: 01: 42 > train: 2006-01-01~2007-12-26
2019-10-18 08: 01: 42 > train: 2006-01-01~2007-12-26
2019-10-18 08: 01: 42 > test: 2007-12-27~2008-12-09
2019-10-18 08: 01: 42 > test: 2007-12-27~2008-12-09
2019-10-18 08: 01: 43 > Calling model_fn.
2019-10-18 08: 01: 43 > Calling model_fn.
2019-10-18 08: 02: 19 > Done calling model_fn.
2019-10-18 08: 02: 19 > Done calling model_fn.
2019-10-18 08: 02: 19 > Create CheckpointSaverHook.
2019-10-18 08: 02: 19 > Create CheckpointSaverHook.
2019-10-18 08: 02: 19 > Graph was finalized.
2019-10-18 08: 02: 19 > Graph was finalized.
2019-10-18 08: 02: 19 > Restoring parameters from model_dir/v5_0_1_810_nh/kospi200f_2day_a0.5b0.1_T_20191018075202\model.ckpt-501
2019-10-18 08: 02: 19 > Restoring parameters from model_dir/v5_0_1_810_nh/kospi200f_2day_a0.5b0.1_T_20191018075202\model.ckpt-501
2019-10-18 08: 02: 22 > Running local_init_op.
2019-10-18 08: 02: 22 > Running local_init_op.
2019-10-18 08: 02: 22 > Done running local_init_op.
2019-10-18 08: 02: 22 > Done running local_init_op.
2019-10-18 08: 02: 46 > Saving checkpoints for 501 into model_dir/v5_0_1_810_nh/kospi200f_2day_a0.5b0.1_T_20191018075202\model.ckpt.
2019-10-18 08: 02: 46 > Saving checkpoints for 501 into model_dir/v5_0_1_810_nh/kospi200f_2day_a0.5b0.1_T_20191018075202\model.ckpt.
2019-10-18 08: 03: 42 > loss = 16.23924, step = 502
2019-10-18 08: 03: 42 > loss = 16.23924, step = 502
2019-10-18 08: 05: 20 > global_step/sec: 1.01992
2019-10-18 08: 05: 20 > global_step/sec: 1.01992
2019-10-18 08: 05: 20 > loss = -6.4436293, step = 602 (98.047 sec)
2019-10-18 08: 05: 20 > loss = -6.4436293, step = 602 (98.047 sec)
2019-10-18 08: 06: 05 > global_step/sec: 2.23933
2019-10-18 08: 06: 05 > global_step/sec: 2.23933
2019-10-18 08: 06: 05 > loss = -8.074452, step = 702 (44.656 sec)
2019-10-18 08: 06: 05 > loss = -8.074452, step = 702 (44.656 sec)
2019-10-18 08: 06: 49 > Saving checkpoints for 801 into model_dir/v5_0_1_810_nh/kospi200f_2day_a0.5b0.1_T_20191018075202\model.ckpt.
2019-10-18 08: 06: 49 > Saving checkpoints for 801 into model_dir/v5_0_1_810_nh/kospi200f_2day_a0.5b0.1_T_20191018075202\model.ckpt.
2019-10-18 08: 06: 56 > Loss for final step: -5.7954454.
2019-10-18 08: 06: 56 > Loss for final step: -5.7954454.
2019-10-18 08: 07: 29 > Calling model_fn.
2019-10-18 08: 07: 29 > Calling model_fn.
2019-10-18 08: 07: 29 > Done calling model_fn.
2019-10-18 08: 07: 29 > Done calling model_fn.
2019-10-18 08: 07: 29 > Graph was finalized.
2019-10-18 08: 07: 29 > Graph was finalized.
2019-10-18 08: 07: 29 > Restoring parameters from model_dir/v5_0_1_810_nh/kospi200f_2day_a0.5b0.1_T_20191018075202\model.ckpt-801
2019-10-18 08: 07: 29 > Restoring parameters from model_dir/v5_0_1_810_nh/kospi200f_2day_a0.5b0.1_T_20191018075202\model.ckpt-801
2019-10-18 08: 07: 29 > Running local_init_op.
2019-10-18 08: 07: 29 > Running local_init_op.
2019-10-18 08: 07: 29 > Done running local_init_op.
2019-10-18 08: 07: 29 > Done running local_init_op.
2019-10-18 08: 07: 34 > accuracy: 0.44042553191489364, down accuracy: 0.452914798206278, acc with interval: 0.3036093418259023

2019-10-18 08: 07: 34 > accuracy: 0.44042553191489364, down accuracy: 0.452914798206278, acc with interval: 0.3036093418259023

2019-10-18 08: 07: 34 > 
 avg_profit, avg_loss, max_profit, max_loss
3.7603864734299526,-3.3767045454545452,17.94999999999999,-17.700000000000017
2019-10-18 08: 07: 34 > 
 avg_profit, avg_loss, max_profit, max_loss
3.7603864734299526,-3.3767045454545452,17.94999999999999,-17.700000000000017
2019-10-18 08: 07: 35 > train: 2006-01-01~2008-12-09
2019-10-18 08: 07: 35 > train: 2006-01-01~2008-12-09
2019-10-18 08: 07: 35 > test: 2008-12-10~2009-11-16
2019-10-18 08: 07: 35 > test: 2008-12-10~2009-11-16
2019-10-18 08: 07: 36 > Calling model_fn.
2019-10-18 08: 07: 36 > Calling model_fn.
2019-10-18 08: 08: 14 > Done calling model_fn.
2019-10-18 08: 08: 14 > Done calling model_fn.
2019-10-18 08: 08: 14 > Create CheckpointSaverHook.
2019-10-18 08: 08: 14 > Create CheckpointSaverHook.
2019-10-18 08: 08: 15 > Graph was finalized.
2019-10-18 08: 08: 15 > Graph was finalized.
2019-10-18 08: 08: 15 > Restoring parameters from model_dir/v5_0_1_810_nh/kospi200f_2day_a0.5b0.1_T_20191018075202\model.ckpt-801
2019-10-18 08: 08: 15 > Restoring parameters from model_dir/v5_0_1_810_nh/kospi200f_2day_a0.5b0.1_T_20191018075202\model.ckpt-801
2019-10-18 08: 08: 17 > Running local_init_op.
2019-10-18 08: 08: 17 > Running local_init_op.
2019-10-18 08: 08: 17 > Done running local_init_op.
2019-10-18 08: 08: 17 > Done running local_init_op.
2019-10-18 08: 08: 42 > Saving checkpoints for 801 into model_dir/v5_0_1_810_nh/kospi200f_2day_a0.5b0.1_T_20191018075202\model.ckpt.
2019-10-18 08: 08: 42 > Saving checkpoints for 801 into model_dir/v5_0_1_810_nh/kospi200f_2day_a0.5b0.1_T_20191018075202\model.ckpt.
